{"meta": {"format": 3, "version": "7.13.1", "timestamp": "2026-01-03T18:13:43.399647", "branch_coverage": false, "show_contexts": false}, "files": {"eegdash/__init__.py": {"executed_lines": [12, 18, 21, 22, 26, 27, 29, 30, 34, 37], "summary": {"covered_lines": 10, "num_statements": 15, "percent_covered": 66.66666666666667, "percent_covered_display": "67", "missing_lines": 5, "excluded_lines": 0, "percent_statements_covered": 66.66666666666667, "percent_statements_covered_display": "67"}, "missing_lines": [23, 25, 31, 33, 38], "excluded_lines": [], "functions": {"__getattr__": {"executed_lines": [22, 26, 27, 29, 30, 34], "summary": {"covered_lines": 6, "num_statements": 10, "percent_covered": 60.0, "percent_covered_display": "60", "missing_lines": 4, "excluded_lines": 0, "percent_statements_covered": 60.0, "percent_statements_covered_display": "60"}, "missing_lines": [23, 25, 31, 33], "excluded_lines": [], "start_line": 21}, "__dir__": {"executed_lines": [], "summary": {"covered_lines": 0, "num_statements": 1, "percent_covered": 0.0, "percent_covered_display": "0", "missing_lines": 1, "excluded_lines": 0, "percent_statements_covered": 0.0, "percent_statements_covered_display": "0"}, "missing_lines": [38], "excluded_lines": [], "start_line": 37}, "": {"executed_lines": [12, 18, 21, 37], "summary": {"covered_lines": 4, "num_statements": 4, "percent_covered": 100.0, "percent_covered_display": "100", "missing_lines": 0, "excluded_lines": 0, "percent_statements_covered": 100.0, "percent_statements_covered_display": "100"}, "missing_lines": [], "excluded_lines": [], "start_line": 1}}, "classes": {"": {"executed_lines": [12, 18, 21, 22, 26, 27, 29, 30, 34, 37], "summary": {"covered_lines": 10, "num_statements": 15, "percent_covered": 66.66666666666667, "percent_covered_display": "67", "missing_lines": 5, "excluded_lines": 0, "percent_statements_covered": 66.66666666666667, "percent_statements_covered_display": "67"}, "missing_lines": [23, 25, 31, 33, 38], "excluded_lines": [], "start_line": 1}}}, "eegdash/api.py": {"executed_lines": [], "summary": {"covered_lines": 0, "num_statements": 36, "percent_covered": 0.0, "percent_covered_display": "0", "missing_lines": 36, "excluded_lines": 0, "percent_statements_covered": 0.0, "percent_statements_covered_display": "0"}, "missing_lines": [12, 14, 15, 18, 28, 57, 59, 91, 92, 93, 94, 97, 99, 121, 123, 145, 146, 147, 148, 150, 173, 174, 176, 196, 197, 198, 199, 201, 239, 240, 243, 246, 247, 249, 250, 253], "excluded_lines": [], "functions": {"EEGDash.__init__": {"executed_lines": [], "summary": {"covered_lines": 0, "num_statements": 1, "percent_covered": 0.0, "percent_covered_display": "0", "missing_lines": 1, "excluded_lines": 0, "percent_statements_covered": 0.0, "percent_statements_covered_display": "0"}, "missing_lines": [57], "excluded_lines": [], "start_line": 28}, "EEGDash.find": {"executed_lines": [], "summary": {"covered_lines": 0, "num_statements": 5, "percent_covered": 0.0, "percent_covered_display": "0", "missing_lines": 5, "excluded_lines": 0, "percent_statements_covered": 0.0, "percent_statements_covered_display": "0"}, "missing_lines": [91, 92, 93, 94, 97], "excluded_lines": [], "start_line": 59}, "EEGDash.exists": {"executed_lines": [], "summary": {"covered_lines": 0, "num_statements": 1, "percent_covered": 0.0, "percent_covered_display": "0", "missing_lines": 1, "excluded_lines": 0, "percent_statements_covered": 0.0, "percent_statements_covered_display": "0"}, "missing_lines": [121], "excluded_lines": [], "start_line": 99}, "EEGDash.count": {"executed_lines": [], "summary": {"covered_lines": 0, "num_statements": 4, "percent_covered": 0.0, "percent_covered_display": "0", "missing_lines": 4, "excluded_lines": 0, "percent_statements_covered": 0.0, "percent_statements_covered_display": "0"}, "missing_lines": [145, 146, 147, 148], "excluded_lines": [], "start_line": 123}, "EEGDash.find_one": {"executed_lines": [], "summary": {"covered_lines": 0, "num_statements": 2, "percent_covered": 0.0, "percent_covered_display": "0", "missing_lines": 2, "excluded_lines": 0, "percent_statements_covered": 0.0, "percent_statements_covered_display": "0"}, "missing_lines": [173, 174], "excluded_lines": [], "start_line": 150}, "EEGDash.insert": {"executed_lines": [], "summary": {"covered_lines": 0, "num_statements": 4, "percent_covered": 0.0, "percent_covered_display": "0", "missing_lines": 4, "excluded_lines": 0, "percent_statements_covered": 0.0, "percent_statements_covered_display": "0"}, "missing_lines": [196, 197, 198, 199], "excluded_lines": [], "start_line": 176}, "EEGDash.update_field": {"executed_lines": [], "summary": {"covered_lines": 0, "num_statements": 2, "percent_covered": 0.0, "percent_covered_display": "0", "missing_lines": 2, "excluded_lines": 0, "percent_statements_covered": 0.0, "percent_statements_covered_display": "0"}, "missing_lines": [239, 240], "excluded_lines": [], "start_line": 201}, "__getattr__": {"executed_lines": [], "summary": {"covered_lines": 0, "num_statements": 4, "percent_covered": 0.0, "percent_covered_display": "0", "missing_lines": 4, "excluded_lines": 0, "percent_statements_covered": 0.0, "percent_statements_covered_display": "0"}, "missing_lines": [246, 247, 249, 250], "excluded_lines": [], "start_line": 243}, "": {"executed_lines": [], "summary": {"covered_lines": 0, "num_statements": 13, "percent_covered": 0.0, "percent_covered_display": "0", "missing_lines": 13, "excluded_lines": 0, "percent_statements_covered": 0.0, "percent_statements_covered_display": "0"}, "missing_lines": [12, 14, 15, 18, 28, 59, 99, 123, 150, 176, 201, 243, 253], "excluded_lines": [], "start_line": 1}}, "classes": {"EEGDash": {"executed_lines": [], "summary": {"covered_lines": 0, "num_statements": 19, "percent_covered": 0.0, "percent_covered_display": "0", "missing_lines": 19, "excluded_lines": 0, "percent_statements_covered": 0.0, "percent_statements_covered_display": "0"}, "missing_lines": [57, 91, 92, 93, 94, 97, 121, 145, 146, 147, 148, 173, 174, 196, 197, 198, 199, 239, 240], "excluded_lines": [], "start_line": 18}, "": {"executed_lines": [], "summary": {"covered_lines": 0, "num_statements": 17, "percent_covered": 0.0, "percent_covered_display": "0", "missing_lines": 17, "excluded_lines": 0, "percent_statements_covered": 0.0, "percent_statements_covered_display": "0"}, "missing_lines": [12, 14, 15, 18, 28, 59, 99, 123, 150, 176, 201, 243, 246, 247, 249, 250, 253], "excluded_lines": [], "start_line": 1}}}, "eegdash/bids_metadata.py": {"executed_lines": [11, 12, 13, 15, 17, 19, 33, 69, 93, 158, 205, 225, 234, 283, 319, 369, 417], "summary": {"covered_lines": 17, "num_statements": 151, "percent_covered": 11.258278145695364, "percent_covered_display": "11", "missing_lines": 134, "excluded_lines": 0, "percent_statements_covered": 11.258278145695364, "percent_statements_covered_display": "11"}, "missing_lines": [61, 62, 63, 64, 66, 88, 118, 119, 120, 125, 126, 127, 128, 132, 133, 134, 135, 136, 137, 138, 139, 140, 141, 142, 143, 144, 145, 147, 148, 149, 150, 153, 155, 186, 187, 189, 190, 191, 192, 193, 194, 195, 196, 197, 198, 202, 209, 210, 211, 213, 214, 216, 217, 231, 256, 257, 258, 259, 261, 264, 265, 267, 268, 269, 270, 272, 273, 274, 275, 276, 277, 278, 279, 280, 309, 310, 311, 313, 314, 315, 316, 341, 342, 344, 345, 346, 347, 348, 350, 352, 353, 354, 355, 356, 357, 359, 360, 361, 362, 363, 364, 366, 386, 387, 389, 390, 391, 392, 393, 394, 395, 396, 397, 398, 399, 400, 401, 403, 404, 406, 407, 408, 409, 410, 411, 412, 413, 414, 442, 443, 444, 445, 446, 447], "excluded_lines": [], "functions": {"get_entity_from_record": {"executed_lines": [], "summary": {"covered_lines": 0, "num_statements": 5, "percent_covered": 0.0, "percent_covered_display": "0", "missing_lines": 5, "excluded_lines": 0, "percent_statements_covered": 0.0, "percent_statements_covered_display": "0"}, "missing_lines": [61, 62, 63, 64, 66], "excluded_lines": [], "start_line": 33}, "get_entities_from_record": {"executed_lines": [], "summary": {"covered_lines": 0, "num_statements": 1, "percent_covered": 0.0, "percent_covered_display": "0", "missing_lines": 1, "excluded_lines": 0, "percent_statements_covered": 0.0, "percent_statements_covered_display": "0"}, "missing_lines": [88], "excluded_lines": [], "start_line": 69}, "build_query_from_kwargs": {"executed_lines": [], "summary": {"covered_lines": 0, "num_statements": 27, "percent_covered": 0.0, "percent_covered_display": "0", "missing_lines": 27, "excluded_lines": 0, "percent_statements_covered": 0.0, "percent_statements_covered_display": "0"}, "missing_lines": [118, 119, 120, 125, 126, 127, 128, 132, 133, 134, 135, 136, 137, 138, 139, 140, 141, 142, 143, 144, 145, 147, 148, 149, 150, 153, 155], "excluded_lines": [], "start_line": 93}, "merge_query": {"executed_lines": [], "summary": {"covered_lines": 0, "num_statements": 13, "percent_covered": 0.0, "percent_covered_display": "0", "missing_lines": 13, "excluded_lines": 0, "percent_statements_covered": 0.0, "percent_statements_covered_display": "0"}, "missing_lines": [186, 187, 189, 190, 191, 192, 193, 194, 195, 196, 197, 198, 202], "excluded_lines": [], "start_line": 158}, "_check_constraint_conflict": {"executed_lines": [], "summary": {"covered_lines": 0, "num_statements": 7, "percent_covered": 0.0, "percent_covered_display": "0", "missing_lines": 7, "excluded_lines": 0, "percent_statements_covered": 0.0, "percent_statements_covered_display": "0"}, "missing_lines": [209, 210, 211, 213, 214, 216, 217], "excluded_lines": [], "start_line": 205}, "normalize_key": {"executed_lines": [], "summary": {"covered_lines": 0, "num_statements": 1, "percent_covered": 0.0, "percent_covered_display": "0", "missing_lines": 1, "excluded_lines": 0, "percent_statements_covered": 0.0, "percent_statements_covered_display": "0"}, "missing_lines": [231], "excluded_lines": [], "start_line": 225}, "participants_row_for_subject": {"executed_lines": [], "summary": {"covered_lines": 0, "num_statements": 20, "percent_covered": 0.0, "percent_covered_display": "0", "missing_lines": 20, "excluded_lines": 0, "percent_statements_covered": 0.0, "percent_statements_covered_display": "0"}, "missing_lines": [256, 257, 258, 259, 261, 264, 265, 267, 268, 269, 270, 272, 273, 274, 275, 276, 277, 278, 279, 280], "excluded_lines": [], "start_line": 234}, "participants_extras_from_tsv": {"executed_lines": [], "summary": {"covered_lines": 0, "num_statements": 7, "percent_covered": 0.0, "percent_covered_display": "0", "missing_lines": 7, "excluded_lines": 0, "percent_statements_covered": 0.0, "percent_statements_covered_display": "0"}, "missing_lines": [309, 310, 311, 313, 314, 315, 316], "excluded_lines": [], "start_line": 283}, "merge_participants_fields": {"executed_lines": [], "summary": {"covered_lines": 0, "num_statements": 21, "percent_covered": 0.0, "percent_covered_display": "0", "missing_lines": 21, "excluded_lines": 0, "percent_statements_covered": 0.0, "percent_statements_covered_display": "0"}, "missing_lines": [341, 342, 344, 345, 346, 347, 348, 350, 352, 353, 354, 355, 356, 357, 359, 360, 361, 362, 363, 364, 366], "excluded_lines": [], "start_line": 319}, "attach_participants_extras": {"executed_lines": [], "summary": {"covered_lines": 0, "num_statements": 26, "percent_covered": 0.0, "percent_covered_display": "0", "missing_lines": 26, "excluded_lines": 0, "percent_statements_covered": 0.0, "percent_statements_covered_display": "0"}, "missing_lines": [386, 387, 389, 390, 391, 392, 393, 394, 395, 396, 397, 398, 399, 400, 401, 403, 404, 406, 407, 408, 409, 410, 411, 412, 413, 414], "excluded_lines": [], "start_line": 369}, "enrich_from_participants": {"executed_lines": [], "summary": {"covered_lines": 0, "num_statements": 6, "percent_covered": 0.0, "percent_covered_display": "0", "missing_lines": 6, "excluded_lines": 0, "percent_statements_covered": 0.0, "percent_statements_covered_display": "0"}, "missing_lines": [442, 443, 444, 445, 446, 447], "excluded_lines": [], "start_line": 417}, "": {"executed_lines": [11, 12, 13, 15, 17, 19, 33, 69, 93, 158, 205, 225, 234, 283, 319, 369, 417], "summary": {"covered_lines": 17, "num_statements": 17, "percent_covered": 100.0, "percent_covered_display": "100", "missing_lines": 0, "excluded_lines": 0, "percent_statements_covered": 100.0, "percent_statements_covered_display": "100"}, "missing_lines": [], "excluded_lines": [], "start_line": 1}}, "classes": {"": {"executed_lines": [11, 12, 13, 15, 17, 19, 33, 69, 93, 158, 205, 225, 234, 283, 319, 369, 417], "summary": {"covered_lines": 17, "num_statements": 151, "percent_covered": 11.258278145695364, "percent_covered_display": "11", "missing_lines": 134, "excluded_lines": 0, "percent_statements_covered": 11.258278145695364, "percent_statements_covered_display": "11"}, "missing_lines": [61, 62, 63, 64, 66, 88, 118, 119, 120, 125, 126, 127, 128, 132, 133, 134, 135, 136, 137, 138, 139, 140, 141, 142, 143, 144, 145, 147, 148, 149, 150, 153, 155, 186, 187, 189, 190, 191, 192, 193, 194, 195, 196, 197, 198, 202, 209, 210, 211, 213, 214, 216, 217, 231, 256, 257, 258, 259, 261, 264, 265, 267, 268, 269, 270, 272, 273, 274, 275, 276, 277, 278, 279, 280, 309, 310, 311, 313, 314, 315, 316, 341, 342, 344, 345, 346, 347, 348, 350, 352, 353, 354, 355, 356, 357, 359, 360, 361, 362, 363, 364, 366, 386, 387, 389, 390, 391, 392, 393, 394, 395, 396, 397, 398, 399, 400, 401, 403, 404, 406, 407, 408, 409, 410, 411, 412, 413, 414, 442, 443, 444, 445, 446, 447], "excluded_lines": [], "start_line": 1}}}, "eegdash/const.py": {"executed_lines": [12, 19, 31, 34, 47, 50, 294, 298, 333], "summary": {"covered_lines": 9, "num_statements": 9, "percent_covered": 100.0, "percent_covered_display": "100", "missing_lines": 0, "excluded_lines": 0, "percent_statements_covered": 100.0, "percent_statements_covered_display": "100"}, "missing_lines": [], "excluded_lines": [], "functions": {"": {"executed_lines": [12, 19, 31, 34, 47, 50, 294, 298, 333], "summary": {"covered_lines": 9, "num_statements": 9, "percent_covered": 100.0, "percent_covered_display": "100", "missing_lines": 0, "excluded_lines": 0, "percent_statements_covered": 100.0, "percent_statements_covered_display": "100"}, "missing_lines": [], "excluded_lines": [], "start_line": 1}}, "classes": {"": {"executed_lines": [12, 19, 31, 34, 47, 50, 294, 298, 333], "summary": {"covered_lines": 9, "num_statements": 9, "percent_covered": 100.0, "percent_covered_display": "100", "missing_lines": 0, "excluded_lines": 0, "percent_statements_covered": 100.0, "percent_statements_covered_display": "100"}, "missing_lines": [], "excluded_lines": [], "start_line": 1}}}, "eegdash/dataset/__init__.py": {"executed_lines": [3, 4, 5, 6, 11, 12, 13, 15, 16, 17, 18, 19, 21, 29], "summary": {"covered_lines": 14, "num_statements": 14, "percent_covered": 100.0, "percent_covered_display": "100", "missing_lines": 0, "excluded_lines": 0, "percent_statements_covered": 100.0, "percent_statements_covered_display": "100"}, "missing_lines": [], "excluded_lines": [], "functions": {"": {"executed_lines": [3, 4, 5, 6, 11, 12, 13, 15, 16, 17, 18, 19, 21, 29], "summary": {"covered_lines": 14, "num_statements": 14, "percent_covered": 100.0, "percent_covered_display": "100", "missing_lines": 0, "excluded_lines": 0, "percent_statements_covered": 100.0, "percent_statements_covered_display": "100"}, "missing_lines": [], "excluded_lines": [], "start_line": 1}}, "classes": {"": {"executed_lines": [3, 4, 5, 6, 11, 12, 13, 15, 16, 17, 18, 19, 21, 29], "summary": {"covered_lines": 14, "num_statements": 14, "percent_covered": 100.0, "percent_covered_display": "100", "missing_lines": 0, "excluded_lines": 0, "percent_statements_covered": 100.0, "percent_statements_covered_display": "100"}, "missing_lines": [], "excluded_lines": [], "start_line": 1}}}, "eegdash/dataset/base.py": {"executed_lines": [12, 13, 15, 16, 17, 19, 21, 22, 23, 26, 52, 58, 59, 62, 63, 66, 69, 70, 71, 72, 76, 78, 79, 82, 83, 84, 85, 87, 90, 92, 93, 94, 95, 98, 99, 104, 108, 110, 112, 124, 126, 143, 145, 146, 147, 148, 149, 150, 153, 155, 158, 160, 162, 163, 164, 165, 166, 167, 168, 171, 175, 179, 180, 182, 183, 199, 200, 201, 204], "summary": {"covered_lines": 69, "num_statements": 83, "percent_covered": 83.13253012048193, "percent_covered_display": "83", "missing_lines": 14, "excluded_lines": 0, "percent_statements_covered": 83.13253012048193, "percent_statements_covered_display": "83"}, "missing_lines": [64, 88, 89, 101, 102, 105, 127, 128, 131, 136, 141, 195, 196, 197], "excluded_lines": [], "functions": {"EEGDashRaw.__init__": {"executed_lines": [58, 59, 62, 63, 66, 69, 70, 71, 72, 76, 78, 79, 82, 83, 84, 85, 87, 90, 92, 93, 94, 95, 98, 99, 104, 108, 110, 112, 124], "summary": {"covered_lines": 29, "num_statements": 35, "percent_covered": 82.85714285714286, "percent_covered_display": "83", "missing_lines": 6, "excluded_lines": 0, "percent_statements_covered": 82.85714285714286, "percent_statements_covered_display": "83"}, "missing_lines": [64, 88, 89, 101, 102, 105], "excluded_lines": [], "start_line": 52}, "EEGDashRaw._download_required_files": {"executed_lines": [], "summary": {"covered_lines": 0, "num_statements": 5, "percent_covered": 0.0, "percent_covered_display": "0", "missing_lines": 5, "excluded_lines": 0, "percent_statements_covered": 0.0, "percent_statements_covered_display": "0"}, "missing_lines": [127, 128, 131, 136, 141], "excluded_lines": [], "start_line": 126}, "EEGDashRaw._ensure_raw": {"executed_lines": [145, 146, 147, 148, 149, 150, 153], "summary": {"covered_lines": 7, "num_statements": 7, "percent_covered": 100.0, "percent_covered_display": "100", "missing_lines": 0, "excluded_lines": 0, "percent_statements_covered": 100.0, "percent_statements_covered_display": "100"}, "missing_lines": [], "excluded_lines": [], "start_line": 143}, "EEGDashRaw._load_raw": {"executed_lines": [158], "summary": {"covered_lines": 1, "num_statements": 1, "percent_covered": 100.0, "percent_covered_display": "100", "missing_lines": 0, "excluded_lines": 0, "percent_statements_covered": 100.0, "percent_statements_covered_display": "100"}, "missing_lines": [], "excluded_lines": [], "start_line": 155}, "EEGDashRaw.__len__": {"executed_lines": [162, 163, 164, 165, 166, 167, 168, 171, 175, 179, 180], "summary": {"covered_lines": 11, "num_statements": 11, "percent_covered": 100.0, "percent_covered_display": "100", "missing_lines": 0, "excluded_lines": 0, "percent_statements_covered": 100.0, "percent_statements_covered_display": "100"}, "missing_lines": [], "excluded_lines": [], "start_line": 160}, "EEGDashRaw.raw": {"executed_lines": [201], "summary": {"covered_lines": 1, "num_statements": 1, "percent_covered": 100.0, "percent_covered_display": "100", "missing_lines": 0, "excluded_lines": 0, "percent_statements_covered": 100.0, "percent_statements_covered_display": "100"}, "missing_lines": [], "excluded_lines": [], "start_line": 200}, "": {"executed_lines": [12, 13, 15, 16, 17, 19, 21, 22, 23, 26, 52, 126, 143, 155, 160, 182, 183, 199, 200, 204], "summary": {"covered_lines": 20, "num_statements": 20, "percent_covered": 100.0, "percent_covered_display": "100", "missing_lines": 0, "excluded_lines": 0, "percent_statements_covered": 100.0, "percent_statements_covered_display": "100"}, "missing_lines": [], "excluded_lines": [], "start_line": 1}}, "classes": {"EEGDashRaw": {"executed_lines": [58, 59, 62, 63, 66, 69, 70, 71, 72, 76, 78, 79, 82, 83, 84, 85, 87, 90, 92, 93, 94, 95, 98, 99, 104, 108, 110, 112, 124, 145, 146, 147, 148, 149, 150, 153, 158, 162, 163, 164, 165, 166, 167, 168, 171, 175, 179, 180, 201], "summary": {"covered_lines": 49, "num_statements": 63, "percent_covered": 77.77777777777777, "percent_covered_display": "78", "missing_lines": 14, "excluded_lines": 0, "percent_statements_covered": 77.77777777777777, "percent_statements_covered_display": "78"}, "missing_lines": [64, 88, 89, 101, 102, 105, 127, 128, 131, 136, 141, 195, 196, 197], "excluded_lines": [], "start_line": 26}, "": {"executed_lines": [12, 13, 15, 16, 17, 19, 21, 22, 23, 26, 52, 126, 143, 155, 160, 182, 183, 199, 200, 204], "summary": {"covered_lines": 20, "num_statements": 20, "percent_covered": 100.0, "percent_covered_display": "100", "missing_lines": 0, "excluded_lines": 0, "percent_statements_covered": 100.0, "percent_statements_covered_display": "100"}, "missing_lines": [], "excluded_lines": [], "start_line": 1}}}, "eegdash/dataset/bids_dataset.py": {"executed_lines": [11, 12, 13, 14, 15, 17, 18, 19, 23, 29, 95, 99, 142, 153, 184, 259, 312, 321, 345, 383, 394, 411, 433, 480, 520, 560, 582, 631, 648, 672, 740], "summary": {"covered_lines": 31, "num_statements": 233, "percent_covered": 13.304721030042918, "percent_covered_display": "13", "missing_lines": 202, "excluded_lines": 0, "percent_statements_covered": 13.304721030042918, "percent_statements_covered_display": "13"}, "missing_lines": [106, 107, 109, 110, 111, 112, 115, 116, 118, 124, 125, 126, 131, 134, 138, 151, 165, 166, 170, 171, 172, 173, 179, 180, 198, 200, 201, 205, 206, 207, 208, 209, 210, 214, 215, 216, 217, 220, 221, 222, 223, 227, 228, 229, 233, 234, 235, 236, 237, 239, 248, 249, 257, 280, 281, 282, 285, 287, 288, 289, 290, 294, 296, 297, 299, 300, 301, 302, 305, 306, 308, 310, 314, 315, 316, 317, 318, 319, 325, 326, 328, 329, 330, 331, 333, 334, 335, 337, 338, 340, 343, 366, 367, 370, 371, 376, 377, 378, 381, 392, 409, 425, 426, 427, 428, 430, 431, 449, 450, 453, 461, 462, 466, 467, 468, 470, 478, 496, 497, 500, 501, 503, 504, 506, 507, 508, 509, 511, 512, 514, 515, 516, 517, 518, 536, 537, 540, 541, 543, 544, 546, 547, 548, 549, 551, 552, 554, 555, 556, 557, 558, 576, 577, 596, 599, 600, 603, 605, 606, 607, 608, 610, 611, 612, 614, 615, 616, 618, 619, 621, 624, 625, 627, 629, 645, 665, 666, 667, 668, 669, 699, 700, 702, 704, 706, 707, 708, 711, 712, 713, 714, 717, 718, 721, 727, 730, 731, 732, 733, 734, 735, 737], "excluded_lines": [], "functions": {"EEGBIDSDataset.__init__": {"executed_lines": [], "summary": {"covered_lines": 0, "num_statements": 15, "percent_covered": 0.0, "percent_covered_display": "0", "missing_lines": 15, "excluded_lines": 0, "percent_statements_covered": 0.0, "percent_statements_covered_display": "0"}, "missing_lines": [106, 107, 109, 110, 111, 112, 115, 116, 118, 124, 125, 126, 131, 134, 138], "excluded_lines": [], "start_line": 99}, "EEGBIDSDataset.check_eeg_dataset": {"executed_lines": [], "summary": {"covered_lines": 0, "num_statements": 1, "percent_covered": 0.0, "percent_covered_display": "0", "missing_lines": 1, "excluded_lines": 0, "percent_statements_covered": 0.0, "percent_statements_covered_display": "0"}, "missing_lines": [151], "excluded_lines": [], "start_line": 142}, "EEGBIDSDataset._init_bids_paths": {"executed_lines": [], "summary": {"covered_lines": 0, "num_statements": 8, "percent_covered": 0.0, "percent_covered_display": "0", "missing_lines": 8, "excluded_lines": 0, "percent_statements_covered": 0.0, "percent_statements_covered_display": "0"}, "missing_lines": [165, 166, 170, 171, 172, 173, 179, 180], "excluded_lines": [], "start_line": 153}, "EEGBIDSDataset._get_bids_path_from_file": {"executed_lines": [], "summary": {"covered_lines": 0, "num_statements": 29, "percent_covered": 0.0, "percent_covered_display": "0", "missing_lines": 29, "excluded_lines": 0, "percent_statements_covered": 0.0, "percent_statements_covered_display": "0"}, "missing_lines": [198, 200, 201, 205, 206, 207, 208, 209, 210, 214, 215, 216, 217, 220, 221, 222, 223, 227, 228, 229, 233, 234, 235, 236, 237, 239, 248, 249, 257], "excluded_lines": [], "start_line": 184}, "EEGBIDSDataset._get_json_with_inheritance": {"executed_lines": [], "summary": {"covered_lines": 0, "num_statements": 19, "percent_covered": 0.0, "percent_covered_display": "0", "missing_lines": 19, "excluded_lines": 0, "percent_statements_covered": 0.0, "percent_statements_covered_display": "0"}, "missing_lines": [280, 281, 282, 285, 287, 288, 289, 290, 294, 296, 297, 299, 300, 301, 302, 305, 306, 308, 310], "excluded_lines": [], "start_line": 259}, "EEGBIDSDataset._merge_json_inheritance": {"executed_lines": [], "summary": {"covered_lines": 0, "num_statements": 6, "percent_covered": 0.0, "percent_covered_display": "0", "missing_lines": 6, "excluded_lines": 0, "percent_statements_covered": 0.0, "percent_statements_covered_display": "0"}, "missing_lines": [314, 315, 316, 317, 318, 319], "excluded_lines": [], "start_line": 312}, "EEGBIDSDataset._get_bids_file_inheritance": {"executed_lines": [], "summary": {"covered_lines": 0, "num_statements": 13, "percent_covered": 0.0, "percent_covered_display": "0", "missing_lines": 13, "excluded_lines": 0, "percent_statements_covered": 0.0, "percent_statements_covered_display": "0"}, "missing_lines": [325, 326, 328, 329, 330, 331, 333, 334, 335, 337, 338, 340, 343], "excluded_lines": [], "start_line": 321}, "EEGBIDSDataset.get_bids_metadata_files": {"executed_lines": [], "summary": {"covered_lines": 0, "num_statements": 8, "percent_covered": 0.0, "percent_covered_display": "0", "missing_lines": 8, "excluded_lines": 0, "percent_statements_covered": 0.0, "percent_statements_covered_display": "0"}, "missing_lines": [366, 367, 370, 371, 376, 377, 378, 381], "excluded_lines": [], "start_line": 345}, "EEGBIDSDataset.get_files": {"executed_lines": [], "summary": {"covered_lines": 0, "num_statements": 1, "percent_covered": 0.0, "percent_covered_display": "0", "missing_lines": 1, "excluded_lines": 0, "percent_statements_covered": 0.0, "percent_statements_covered_display": "0"}, "missing_lines": [392], "excluded_lines": [], "start_line": 383}, "EEGBIDSDataset.get_relative_bidspath": {"executed_lines": [], "summary": {"covered_lines": 0, "num_statements": 1, "percent_covered": 0.0, "percent_covered_display": "0", "missing_lines": 1, "excluded_lines": 0, "percent_statements_covered": 0.0, "percent_statements_covered_display": "0"}, "missing_lines": [409], "excluded_lines": [], "start_line": 394}, "EEGBIDSDataset._get_relative_bidspath": {"executed_lines": [], "summary": {"covered_lines": 0, "num_statements": 6, "percent_covered": 0.0, "percent_covered_display": "0", "missing_lines": 6, "excluded_lines": 0, "percent_statements_covered": 0.0, "percent_statements_covered_display": "0"}, "missing_lines": [425, 426, 427, 428, 430, 431], "excluded_lines": [], "start_line": 411}, "EEGBIDSDataset.get_bids_file_attribute": {"executed_lines": [], "summary": {"covered_lines": 0, "num_statements": 10, "percent_covered": 0.0, "percent_covered_display": "0", "missing_lines": 10, "excluded_lines": 0, "percent_statements_covered": 0.0, "percent_statements_covered_display": "0"}, "missing_lines": [449, 450, 453, 461, 462, 466, 467, 468, 470, 478], "excluded_lines": [], "start_line": 433}, "EEGBIDSDataset.channel_labels": {"executed_lines": [], "summary": {"covered_lines": 0, "num_statements": 17, "percent_covered": 0.0, "percent_covered_display": "0", "missing_lines": 17, "excluded_lines": 0, "percent_statements_covered": 0.0, "percent_statements_covered_display": "0"}, "missing_lines": [496, 497, 500, 501, 503, 504, 506, 507, 508, 509, 511, 512, 514, 515, 516, 517, 518], "excluded_lines": [], "start_line": 480}, "EEGBIDSDataset.channel_types": {"executed_lines": [], "summary": {"covered_lines": 0, "num_statements": 17, "percent_covered": 0.0, "percent_covered_display": "0", "missing_lines": 17, "excluded_lines": 0, "percent_statements_covered": 0.0, "percent_statements_covered_display": "0"}, "missing_lines": [536, 537, 540, 541, 543, 544, 546, 547, 548, 549, 551, 552, 554, 555, 556, 557, 558], "excluded_lines": [], "start_line": 520}, "EEGBIDSDataset.num_times": {"executed_lines": [], "summary": {"covered_lines": 0, "num_statements": 2, "percent_covered": 0.0, "percent_covered_display": "0", "missing_lines": 2, "excluded_lines": 0, "percent_statements_covered": 0.0, "percent_statements_covered_display": "0"}, "missing_lines": [576, 577], "excluded_lines": [], "start_line": 560}, "EEGBIDSDataset.subject_participant_tsv": {"executed_lines": [], "summary": {"covered_lines": 0, "num_statements": 21, "percent_covered": 0.0, "percent_covered_display": "0", "missing_lines": 21, "excluded_lines": 0, "percent_statements_covered": 0.0, "percent_statements_covered_display": "0"}, "missing_lines": [596, 599, 600, 603, 605, 606, 607, 608, 610, 611, 612, 614, 615, 616, 618, 619, 621, 624, 625, 627, 629], "excluded_lines": [], "start_line": 582}, "EEGBIDSDataset.eeg_json": {"executed_lines": [], "summary": {"covered_lines": 0, "num_statements": 1, "percent_covered": 0.0, "percent_covered_display": "0", "missing_lines": 1, "excluded_lines": 0, "percent_statements_covered": 0.0, "percent_statements_covered_display": "0"}, "missing_lines": [645], "excluded_lines": [], "start_line": 631}, "_is_valid_eeg_file": {"executed_lines": [], "summary": {"covered_lines": 0, "num_statements": 5, "percent_covered": 0.0, "percent_covered_display": "0", "missing_lines": 5, "excluded_lines": 0, "percent_statements_covered": 0.0, "percent_statements_covered_display": "0"}, "missing_lines": [665, 666, 667, 668, 669], "excluded_lines": [], "start_line": 648}, "_find_bids_files": {"executed_lines": [], "summary": {"covered_lines": 0, "num_statements": 22, "percent_covered": 0.0, "percent_covered_display": "0", "missing_lines": 22, "excluded_lines": 0, "percent_statements_covered": 0.0, "percent_statements_covered_display": "0"}, "missing_lines": [699, 700, 702, 704, 706, 707, 708, 711, 712, 713, 714, 717, 718, 721, 727, 730, 731, 732, 733, 734, 735, 737], "excluded_lines": [], "start_line": 672}, "": {"executed_lines": [11, 12, 13, 14, 15, 17, 18, 19, 23, 29, 95, 99, 142, 153, 184, 259, 312, 321, 345, 383, 394, 411, 433, 480, 520, 560, 582, 631, 648, 672, 740], "summary": {"covered_lines": 31, "num_statements": 31, "percent_covered": 100.0, "percent_covered_display": "100", "missing_lines": 0, "excluded_lines": 0, "percent_statements_covered": 100.0, "percent_statements_covered_display": "100"}, "missing_lines": [], "excluded_lines": [], "start_line": 1}}, "classes": {"EEGBIDSDataset": {"executed_lines": [], "summary": {"covered_lines": 0, "num_statements": 175, "percent_covered": 0.0, "percent_covered_display": "0", "missing_lines": 175, "excluded_lines": 0, "percent_statements_covered": 0.0, "percent_statements_covered_display": "0"}, "missing_lines": [106, 107, 109, 110, 111, 112, 115, 116, 118, 124, 125, 126, 131, 134, 138, 151, 165, 166, 170, 171, 172, 173, 179, 180, 198, 200, 201, 205, 206, 207, 208, 209, 210, 214, 215, 216, 217, 220, 221, 222, 223, 227, 228, 229, 233, 234, 235, 236, 237, 239, 248, 249, 257, 280, 281, 282, 285, 287, 288, 289, 290, 294, 296, 297, 299, 300, 301, 302, 305, 306, 308, 310, 314, 315, 316, 317, 318, 319, 325, 326, 328, 329, 330, 331, 333, 334, 335, 337, 338, 340, 343, 366, 367, 370, 371, 376, 377, 378, 381, 392, 409, 425, 426, 427, 428, 430, 431, 449, 450, 453, 461, 462, 466, 467, 468, 470, 478, 496, 497, 500, 501, 503, 504, 506, 507, 508, 509, 511, 512, 514, 515, 516, 517, 518, 536, 537, 540, 541, 543, 544, 546, 547, 548, 549, 551, 552, 554, 555, 556, 557, 558, 576, 577, 596, 599, 600, 603, 605, 606, 607, 608, 610, 611, 612, 614, 615, 616, 618, 619, 621, 624, 625, 627, 629, 645], "excluded_lines": [], "start_line": 29}, "": {"executed_lines": [11, 12, 13, 14, 15, 17, 18, 19, 23, 29, 95, 99, 142, 153, 184, 259, 312, 321, 345, 383, 394, 411, 433, 480, 520, 560, 582, 631, 648, 672, 740], "summary": {"covered_lines": 31, "num_statements": 58, "percent_covered": 53.44827586206897, "percent_covered_display": "53", "missing_lines": 27, "excluded_lines": 0, "percent_statements_covered": 53.44827586206897, "percent_statements_covered_display": "53"}, "missing_lines": [665, 666, 667, 668, 669, 699, 700, 702, 704, 706, 707, 708, 711, 712, 713, 714, 717, 718, 721, 727, 730, 731, 732, 733, 734, 735, 737], "excluded_lines": [], "start_line": 1}}}, "eegdash/dataset/dataset.py": {"executed_lines": [1, 2, 4, 5, 6, 7, 8, 10, 12, 13, 19, 24, 25, 26, 27, 28, 29, 30, 33, 143, 344, 374, 410, 443, 476, 546, 564, 610, 732, 740], "summary": {"covered_lines": 30, "num_statements": 223, "percent_covered": 13.452914798206278, "percent_covered_display": "13", "missing_lines": 193, "excluded_lines": 0, "percent_statements_covered": 13.452914798206278, "percent_statements_covered_display": "13"}, "missing_lines": [158, 159, 160, 161, 162, 163, 164, 165, 166, 168, 169, 179, 180, 181, 182, 186, 188, 189, 192, 195, 196, 198, 201, 202, 203, 207, 209, 210, 211, 212, 214, 216, 221, 223, 225, 229, 240, 247, 248, 249, 250, 252, 253, 255, 263, 264, 265, 268, 269, 271, 272, 275, 276, 278, 279, 281, 283, 284, 285, 288, 289, 290, 297, 298, 300, 309, 310, 312, 315, 316, 317, 318, 319, 320, 321, 327, 330, 331, 332, 342, 346, 347, 348, 349, 350, 352, 353, 354, 356, 357, 362, 363, 364, 365, 366, 367, 368, 370, 372, 383, 384, 386, 387, 389, 390, 391, 392, 393, 396, 398, 399, 401, 402, 403, 404, 406, 441, 461, 462, 463, 464, 465, 466, 467, 468, 469, 470, 471, 472, 473, 474, 509, 510, 512, 514, 515, 516, 521, 523, 524, 525, 526, 528, 529, 530, 535, 543, 561, 619, 620, 622, 623, 627, 628, 633, 635, 640, 643, 644, 649, 652, 654, 655, 656, 657, 658, 659, 662, 663, 664, 665, 666, 667, 668, 669, 672, 673, 676, 677, 684, 687, 689, 690, 691, 693, 695, 707, 715, 716, 717, 718, 719, 721], "excluded_lines": [], "functions": {"EEGDashDataset.__init__": {"executed_lines": [], "summary": {"covered_lines": 0, "num_statements": 80, "percent_covered": 0.0, "percent_covered_display": "0", "missing_lines": 80, "excluded_lines": 0, "percent_statements_covered": 0.0, "percent_statements_covered_display": "0"}, "missing_lines": [158, 159, 160, 161, 162, 163, 164, 165, 166, 168, 169, 179, 180, 181, 182, 186, 188, 189, 192, 195, 196, 198, 201, 202, 203, 207, 209, 210, 211, 212, 214, 216, 221, 223, 225, 229, 240, 247, 248, 249, 250, 252, 253, 255, 263, 264, 265, 268, 269, 271, 272, 275, 276, 278, 279, 281, 283, 284, 285, 288, 289, 290, 297, 298, 300, 309, 310, 312, 315, 316, 317, 318, 319, 320, 321, 327, 330, 331, 332, 342], "excluded_lines": [], "start_line": 143}, "EEGDashDataset._normalize_records": {"executed_lines": [], "summary": {"covered_lines": 0, "num_statements": 19, "percent_covered": 0.0, "percent_covered_display": "0", "missing_lines": 19, "excluded_lines": 0, "percent_statements_covered": 0.0, "percent_statements_covered_display": "0"}, "missing_lines": [346, 347, 348, 349, 350, 352, 353, 354, 356, 357, 362, 363, 364, 365, 366, 367, 368, 370, 372], "excluded_lines": [], "start_line": 344}, "EEGDashDataset.download_all": {"executed_lines": [], "summary": {"covered_lines": 0, "num_statements": 17, "percent_covered": 0.0, "percent_covered_display": "0", "missing_lines": 17, "excluded_lines": 0, "percent_statements_covered": 0.0, "percent_statements_covered_display": "0"}, "missing_lines": [383, 384, 386, 387, 389, 390, 391, 392, 393, 396, 398, 399, 401, 402, 403, 404, 406], "excluded_lines": [], "start_line": 374}, "EEGDashDataset._find_local_bids_records": {"executed_lines": [], "summary": {"covered_lines": 0, "num_statements": 1, "percent_covered": 0.0, "percent_covered_display": "0", "missing_lines": 1, "excluded_lines": 0, "percent_statements_covered": 0.0, "percent_statements_covered_display": "0"}, "missing_lines": [441], "excluded_lines": [], "start_line": 410}, "EEGDashDataset._find_key_in_nested_dict": {"executed_lines": [], "summary": {"covered_lines": 0, "num_statements": 14, "percent_covered": 0.0, "percent_covered_display": "0", "missing_lines": 14, "excluded_lines": 0, "percent_statements_covered": 0.0, "percent_statements_covered_display": "0"}, "missing_lines": [461, 462, 463, 464, 465, 466, 467, 468, 469, 470, 471, 472, 473, 474], "excluded_lines": [], "start_line": 443}, "EEGDashDataset._find_datasets": {"executed_lines": [], "summary": {"covered_lines": 0, "num_statements": 16, "percent_covered": 0.0, "percent_covered_display": "0", "missing_lines": 16, "excluded_lines": 0, "percent_statements_covered": 0.0, "percent_statements_covered_display": "0"}, "missing_lines": [509, 510, 512, 514, 515, 516, 521, 523, 524, 525, 526, 528, 529, 530, 535, 543], "excluded_lines": [], "start_line": 476}, "EEGDashDataset.save": {"executed_lines": [], "summary": {"covered_lines": 0, "num_statements": 1, "percent_covered": 0.0, "percent_covered_display": "0", "missing_lines": 1, "excluded_lines": 0, "percent_statements_covered": 0.0, "percent_statements_covered_display": "0"}, "missing_lines": [561], "excluded_lines": [], "start_line": 546}, "EEGChallengeDataset.__init__": {"executed_lines": [], "summary": {"covered_lines": 0, "num_statements": 45, "percent_covered": 0.0, "percent_covered_display": "0", "missing_lines": 45, "excluded_lines": 0, "percent_statements_covered": 0.0, "percent_statements_covered_display": "0"}, "missing_lines": [619, 620, 622, 623, 627, 628, 633, 635, 640, 643, 644, 649, 652, 654, 655, 656, 657, 658, 659, 662, 663, 664, 665, 666, 667, 668, 669, 672, 673, 676, 677, 684, 687, 689, 690, 691, 693, 695, 707, 715, 716, 717, 718, 719, 721], "excluded_lines": [], "start_line": 610}, "": {"executed_lines": [1, 2, 4, 5, 6, 7, 8, 10, 12, 13, 19, 24, 25, 26, 27, 28, 29, 30, 33, 143, 344, 374, 410, 443, 476, 546, 564, 610, 732, 740], "summary": {"covered_lines": 30, "num_statements": 30, "percent_covered": 100.0, "percent_covered_display": "100", "missing_lines": 0, "excluded_lines": 0, "percent_statements_covered": 100.0, "percent_statements_covered_display": "100"}, "missing_lines": [], "excluded_lines": [], "start_line": 1}}, "classes": {"EEGDashDataset": {"executed_lines": [], "summary": {"covered_lines": 0, "num_statements": 148, "percent_covered": 0.0, "percent_covered_display": "0", "missing_lines": 148, "excluded_lines": 0, "percent_statements_covered": 0.0, "percent_statements_covered_display": "0"}, "missing_lines": [158, 159, 160, 161, 162, 163, 164, 165, 166, 168, 169, 179, 180, 181, 182, 186, 188, 189, 192, 195, 196, 198, 201, 202, 203, 207, 209, 210, 211, 212, 214, 216, 221, 223, 225, 229, 240, 247, 248, 249, 250, 252, 253, 255, 263, 264, 265, 268, 269, 271, 272, 275, 276, 278, 279, 281, 283, 284, 285, 288, 289, 290, 297, 298, 300, 309, 310, 312, 315, 316, 317, 318, 319, 320, 321, 327, 330, 331, 332, 342, 346, 347, 348, 349, 350, 352, 353, 354, 356, 357, 362, 363, 364, 365, 366, 367, 368, 370, 372, 383, 384, 386, 387, 389, 390, 391, 392, 393, 396, 398, 399, 401, 402, 403, 404, 406, 441, 461, 462, 463, 464, 465, 466, 467, 468, 469, 470, 471, 472, 473, 474, 509, 510, 512, 514, 515, 516, 521, 523, 524, 525, 526, 528, 529, 530, 535, 543, 561], "excluded_lines": [], "start_line": 33}, "EEGChallengeDataset": {"executed_lines": [], "summary": {"covered_lines": 0, "num_statements": 45, "percent_covered": 0.0, "percent_covered_display": "0", "missing_lines": 45, "excluded_lines": 0, "percent_statements_covered": 0.0, "percent_statements_covered_display": "0"}, "missing_lines": [619, 620, 622, 623, 627, 628, 633, 635, 640, 643, 644, 649, 652, 654, 655, 656, 657, 658, 659, 662, 663, 664, 665, 666, 667, 668, 669, 672, 673, 676, 677, 684, 687, 689, 690, 691, 693, 695, 707, 715, 716, 717, 718, 719, 721], "excluded_lines": [], "start_line": 564}, "": {"executed_lines": [1, 2, 4, 5, 6, 7, 8, 10, 12, 13, 19, 24, 25, 26, 27, 28, 29, 30, 33, 143, 344, 374, 410, 443, 476, 546, 564, 610, 732, 740], "summary": {"covered_lines": 30, "num_statements": 30, "percent_covered": 100.0, "percent_covered_display": "100", "missing_lines": 0, "excluded_lines": 0, "percent_statements_covered": 100.0, "percent_statements_covered_display": "100"}, "missing_lines": [], "excluded_lines": [], "start_line": 1}}}, "eegdash/dataset/registry.py": {"executed_lines": [1, 3, 4, 5, 6, 8, 11, 50, 53, 54, 55, 57, 58, 59, 60, 65, 70, 72, 73, 76, 79, 80, 99, 101, 104, 108, 119, 120, 122, 123, 124, 125, 127, 130, 153, 154, 155, 156, 157, 159, 160, 161, 163, 164, 165, 167, 168, 169, 170, 171, 173, 174, 176, 177, 178, 179, 181, 182, 183, 184, 185, 186, 190, 195, 196, 198, 199, 200, 202, 206, 209, 250, 254, 295, 297, 299, 300, 301, 302, 303, 307, 310, 311, 312, 313, 315, 321, 323, 336, 338], "summary": {"covered_lines": 90, "num_statements": 107, "percent_covered": 84.11214953271028, "percent_covered_display": "84", "missing_lines": 17, "excluded_lines": 0, "percent_statements_covered": 84.11214953271028, "percent_statements_covered_display": "84"}, "missing_lines": [51, 61, 63, 66, 67, 68, 74, 87, 88, 89, 91, 175, 207, 304, 305, 308, 319], "excluded_lines": [], "functions": {"register_openneuro_datasets": {"executed_lines": [50, 53, 54, 55, 57, 58, 59, 60, 65, 70, 72, 73, 76, 79, 101, 104, 108, 119, 120, 122, 123, 124, 125, 127], "summary": {"covered_lines": 24, "num_statements": 31, "percent_covered": 77.41935483870968, "percent_covered_display": "77", "missing_lines": 7, "excluded_lines": 0, "percent_statements_covered": 77.41935483870968, "percent_statements_covered_display": "77"}, "missing_lines": [51, 61, 63, 66, 67, 68, 74], "excluded_lines": [], "start_line": 11}, "register_openneuro_datasets.make_init": {"executed_lines": [80, 99], "summary": {"covered_lines": 2, "num_statements": 2, "percent_covered": 100.0, "percent_covered_display": "100", "missing_lines": 0, "excluded_lines": 0, "percent_statements_covered": 100.0, "percent_statements_covered_display": "100"}, "missing_lines": [], "excluded_lines": [], "start_line": 79}, "register_openneuro_datasets.make_init.__init__": {"executed_lines": [], "summary": {"covered_lines": 0, "num_statements": 4, "percent_covered": 0.0, "percent_covered_display": "0", "missing_lines": 4, "excluded_lines": 0, "percent_statements_covered": 0.0, "percent_statements_covered_display": "0"}, "missing_lines": [87, 88, 89, 91], "excluded_lines": [], "start_line": 80}, "_generate_rich_docstring": {"executed_lines": [153, 159, 163, 164, 165, 167, 168, 169, 170, 171, 173, 174, 176, 177, 178, 179, 181, 182, 183, 184, 185, 186, 190, 195, 196, 198, 199, 200, 202, 206, 209, 250], "summary": {"covered_lines": 32, "num_statements": 34, "percent_covered": 94.11764705882354, "percent_covered_display": "94", "missing_lines": 2, "excluded_lines": 0, "percent_statements_covered": 94.11764705882354, "percent_statements_covered_display": "94"}, "missing_lines": [175, 207], "excluded_lines": [], "start_line": 130}, "_generate_rich_docstring._clean_optional": {"executed_lines": [154, 155, 156, 157], "summary": {"covered_lines": 4, "num_statements": 4, "percent_covered": 100.0, "percent_covered_display": "100", "missing_lines": 0, "excluded_lines": 0, "percent_statements_covered": 100.0, "percent_statements_covered_display": "100"}, "missing_lines": [], "excluded_lines": [], "start_line": 153}, "_generate_rich_docstring._clean_or_unknown": {"executed_lines": [160, 161], "summary": {"covered_lines": 2, "num_statements": 2, "percent_covered": 100.0, "percent_covered_display": "100", "missing_lines": 0, "excluded_lines": 0, "percent_statements_covered": 100.0, "percent_statements_covered_display": "100"}, "missing_lines": [], "excluded_lines": [], "start_line": 159}, "_fetch_datasets_from_api": {"executed_lines": [297, 299, 300, 301, 302, 303, 307, 310, 311, 312, 313, 315, 321, 323, 336, 338], "summary": {"covered_lines": 16, "num_statements": 20, "percent_covered": 80.0, "percent_covered_display": "80", "missing_lines": 4, "excluded_lines": 0, "percent_statements_covered": 80.0, "percent_statements_covered_display": "80"}, "missing_lines": [304, 305, 308, 319], "excluded_lines": [], "start_line": 295}, "": {"executed_lines": [1, 3, 4, 5, 6, 8, 11, 130, 254, 295], "summary": {"covered_lines": 10, "num_statements": 10, "percent_covered": 100.0, "percent_covered_display": "100", "missing_lines": 0, "excluded_lines": 0, "percent_statements_covered": 100.0, "percent_statements_covered_display": "100"}, "missing_lines": [], "excluded_lines": [], "start_line": 1}}, "classes": {"": {"executed_lines": [1, 3, 4, 5, 6, 8, 11, 50, 53, 54, 55, 57, 58, 59, 60, 65, 70, 72, 73, 76, 79, 80, 99, 101, 104, 108, 119, 120, 122, 123, 124, 125, 127, 130, 153, 154, 155, 156, 157, 159, 160, 161, 163, 164, 165, 167, 168, 169, 170, 171, 173, 174, 176, 177, 178, 179, 181, 182, 183, 184, 185, 186, 190, 195, 196, 198, 199, 200, 202, 206, 209, 250, 254, 295, 297, 299, 300, 301, 302, 303, 307, 310, 311, 312, 313, 315, 321, 323, 336, 338], "summary": {"covered_lines": 90, "num_statements": 107, "percent_covered": 84.11214953271028, "percent_covered_display": "84", "missing_lines": 17, "excluded_lines": 0, "percent_statements_covered": 84.11214953271028, "percent_statements_covered_display": "84"}, "missing_lines": [51, 61, 63, 66, 67, 68, 74, 87, 88, 89, 91, 175, 207, 304, 305, 308, 319], "excluded_lines": [], "start_line": 1}}}, "eegdash/downloader.py": {"executed_lines": [12, 13, 15, 16, 19, 34, 55, 102, 145, 159, 206], "summary": {"covered_lines": 11, "num_statements": 60, "percent_covered": 18.333333333333332, "percent_covered_display": "18", "missing_lines": 49, "excluded_lines": 0, "percent_statements_covered": 18.333333333333332, "percent_statements_covered_display": "18"}, "missing_lines": [31, 50, 51, 52, 78, 79, 81, 82, 83, 84, 85, 86, 87, 89, 92, 93, 94, 99, 120, 121, 122, 123, 124, 125, 126, 127, 128, 129, 130, 132, 135, 136, 137, 141, 142, 146, 147, 148, 149, 150, 151, 152, 153, 154, 155, 156, 186, 202, 203], "excluded_lines": [], "functions": {"get_s3_filesystem": {"executed_lines": [], "summary": {"covered_lines": 0, "num_statements": 1, "percent_covered": 0.0, "percent_covered_display": "0", "missing_lines": 1, "excluded_lines": 0, "percent_statements_covered": 0.0, "percent_statements_covered_display": "0"}, "missing_lines": [31], "excluded_lines": [], "start_line": 19}, "get_s3path": {"executed_lines": [], "summary": {"covered_lines": 0, "num_statements": 3, "percent_covered": 0.0, "percent_covered_display": "0", "missing_lines": 3, "excluded_lines": 0, "percent_statements_covered": 0.0, "percent_statements_covered_display": "0"}, "missing_lines": [50, 51, 52], "excluded_lines": [], "start_line": 34}, "download_s3_file": {"executed_lines": [], "summary": {"covered_lines": 0, "num_statements": 14, "percent_covered": 0.0, "percent_covered_display": "0", "missing_lines": 14, "excluded_lines": 0, "percent_statements_covered": 0.0, "percent_statements_covered_display": "0"}, "missing_lines": [78, 79, 81, 82, 83, 84, 85, 86, 87, 89, 92, 93, 94, 99], "excluded_lines": [], "start_line": 55}, "download_files": {"executed_lines": [], "summary": {"covered_lines": 0, "num_statements": 17, "percent_covered": 0.0, "percent_covered_display": "0", "missing_lines": 17, "excluded_lines": 0, "percent_statements_covered": 0.0, "percent_statements_covered_display": "0"}, "missing_lines": [120, 121, 122, 123, 124, 125, 126, 127, 128, 129, 130, 132, 135, 136, 137, 141, 142], "excluded_lines": [], "start_line": 102}, "_remote_size": {"executed_lines": [], "summary": {"covered_lines": 0, "num_statements": 11, "percent_covered": 0.0, "percent_covered_display": "0", "missing_lines": 11, "excluded_lines": 0, "percent_statements_covered": 0.0, "percent_statements_covered_display": "0"}, "missing_lines": [146, 147, 148, 149, 150, 151, 152, 153, 154, 155, 156], "excluded_lines": [], "start_line": 145}, "_filesystem_get": {"executed_lines": [], "summary": {"covered_lines": 0, "num_statements": 3, "percent_covered": 0.0, "percent_covered_display": "0", "missing_lines": 3, "excluded_lines": 0, "percent_statements_covered": 0.0, "percent_statements_covered_display": "0"}, "missing_lines": [186, 202, 203], "excluded_lines": [], "start_line": 159}, "": {"executed_lines": [12, 13, 15, 16, 19, 34, 55, 102, 145, 159, 206], "summary": {"covered_lines": 11, "num_statements": 11, "percent_covered": 100.0, "percent_covered_display": "100", "missing_lines": 0, "excluded_lines": 0, "percent_statements_covered": 100.0, "percent_statements_covered_display": "100"}, "missing_lines": [], "excluded_lines": [], "start_line": 1}}, "classes": {"": {"executed_lines": [12, 13, 15, 16, 19, 34, 55, 102, 145, 159, 206], "summary": {"covered_lines": 11, "num_statements": 60, "percent_covered": 18.333333333333332, "percent_covered_display": "18", "missing_lines": 49, "excluded_lines": 0, "percent_statements_covered": 18.333333333333332, "percent_statements_covered_display": "18"}, "missing_lines": [31, 50, 51, 52, 78, 79, 81, 82, 83, 84, 85, 86, 87, 89, 92, 93, 94, 99, 120, 121, 122, 123, 124, 125, 126, 127, 128, 129, 130, 132, 135, 136, 137, 141, 142, 146, 147, 148, 149, 150, 151, 152, 153, 154, 155, 156, 186, 202, 203], "excluded_lines": [], "start_line": 1}}}, "eegdash/features/__init__.py": {"executed_lines": [1, 2, 9, 17, 61, 69, 70, 72], "summary": {"covered_lines": 8, "num_statements": 8, "percent_covered": 100.0, "percent_covered_display": "100", "missing_lines": 0, "excluded_lines": 0, "percent_statements_covered": 100.0, "percent_statements_covered_display": "100"}, "missing_lines": [], "excluded_lines": [], "functions": {"": {"executed_lines": [1, 2, 9, 17, 61, 69, 70, 72], "summary": {"covered_lines": 8, "num_statements": 8, "percent_covered": 100.0, "percent_covered_display": "100", "missing_lines": 0, "excluded_lines": 0, "percent_statements_covered": 100.0, "percent_statements_covered_display": "100"}, "missing_lines": [], "excluded_lines": [], "start_line": 1}}, "classes": {"": {"executed_lines": [1, 2, 9, 17, 61, 69, 70, 72], "summary": {"covered_lines": 8, "num_statements": 8, "percent_covered": 100.0, "percent_covered_display": "100", "missing_lines": 0, "excluded_lines": 0, "percent_statements_covered": 100.0, "percent_statements_covered_display": "100"}, "missing_lines": [], "excluded_lines": [], "start_line": 1}}}, "eegdash/features/datasets.py": {"executed_lines": [1, 3, 4, 5, 6, 7, 9, 10, 11, 13, 19, 21, 27, 59, 87, 111, 123, 142, 161, 179, 191, 240, 274, 349, 350, 356, 357, 363, 364, 370, 371, 378, 379, 395, 466, 470, 494, 521, 560, 587, 627, 628, 637, 643, 649, 655, 661, 667], "summary": {"covered_lines": 48, "num_statements": 221, "percent_covered": 21.71945701357466, "percent_covered_display": "22", "missing_lines": 173, "excluded_lines": 1, "percent_statements_covered": 21.71945701357466, "percent_statements_covered_display": "22"}, "missing_lines": [71, 72, 73, 74, 75, 76, 77, 78, 79, 80, 82, 85, 102, 103, 104, 105, 106, 107, 108, 109, 120, 132, 133, 134, 135, 136, 137, 138, 139, 150, 151, 152, 153, 154, 155, 156, 157, 158, 185, 186, 187, 189, 219, 220, 223, 224, 227, 228, 230, 232, 259, 260, 265, 266, 267, 268, 269, 270, 272, 311, 312, 313, 314, 315, 316, 317, 318, 319, 320, 321, 322, 324, 329, 330, 331, 332, 333, 334, 335, 336, 343, 344, 352, 353, 354, 359, 360, 361, 366, 367, 368, 373, 374, 375, 376, 381, 387, 388, 389, 390, 391, 392, 393, 419, 424, 425, 426, 427, 429, 430, 431, 432, 433, 434, 435, 436, 444, 445, 446, 447, 448, 449, 450, 454, 455, 456, 457, 458, 463, 464, 468, 486, 490, 491, 492, 510, 516, 517, 518, 519, 541, 552, 557, 558, 583, 604, 615, 620, 621, 622, 623, 630, 631, 635, 639, 640, 641, 645, 646, 647, 651, 652, 653, 657, 658, 659, 663, 664, 665, 679, 680, 681, 682], "excluded_lines": [275], "functions": {"FeaturesDataset.__init__": {"executed_lines": [], "summary": {"covered_lines": 0, "num_statements": 12, "percent_covered": 0.0, "percent_covered_display": "0", "missing_lines": 12, "excluded_lines": 0, "percent_statements_covered": 0.0, "percent_statements_covered_display": "0"}, "missing_lines": [71, 72, 73, 74, 75, 76, 77, 78, 79, 80, 82, 85], "excluded_lines": [], "start_line": 59}, "FeaturesDataset.__getitem__": {"executed_lines": [], "summary": {"covered_lines": 0, "num_statements": 8, "percent_covered": 0.0, "percent_covered_display": "0", "missing_lines": 8, "excluded_lines": 0, "percent_statements_covered": 0.0, "percent_statements_covered_display": "0"}, "missing_lines": [102, 103, 104, 105, 106, 107, 108, 109], "excluded_lines": [], "start_line": 87}, "FeaturesDataset.__len__": {"executed_lines": [], "summary": {"covered_lines": 0, "num_statements": 1, "percent_covered": 0.0, "percent_covered_display": "0", "missing_lines": 1, "excluded_lines": 0, "percent_statements_covered": 0.0, "percent_statements_covered_display": "0"}, "missing_lines": [120], "excluded_lines": [], "start_line": 111}, "_compute_stats": {"executed_lines": [], "summary": {"covered_lines": 0, "num_statements": 8, "percent_covered": 0.0, "percent_covered_display": "0", "missing_lines": 8, "excluded_lines": 0, "percent_statements_covered": 0.0, "percent_statements_covered_display": "0"}, "missing_lines": [132, 133, 134, 135, 136, 137, 138, 139], "excluded_lines": [], "start_line": 123}, "_pooled_var": {"executed_lines": [], "summary": {"covered_lines": 0, "num_statements": 9, "percent_covered": 0.0, "percent_covered_display": "0", "missing_lines": 9, "excluded_lines": 0, "percent_statements_covered": 0.0, "percent_statements_covered_display": "0"}, "missing_lines": [150, 151, 152, 153, 154, 155, 156, 157, 158], "excluded_lines": [], "start_line": 142}, "FeaturesConcatDataset.__init__": {"executed_lines": [], "summary": {"covered_lines": 0, "num_statements": 4, "percent_covered": 0.0, "percent_covered_display": "0", "missing_lines": 4, "excluded_lines": 0, "percent_statements_covered": 0.0, "percent_statements_covered_display": "0"}, "missing_lines": [185, 186, 187, 189], "excluded_lines": [], "start_line": 179}, "FeaturesConcatDataset.split": {"executed_lines": [], "summary": {"covered_lines": 0, "num_statements": 8, "percent_covered": 0.0, "percent_covered_display": "0", "missing_lines": 8, "excluded_lines": 0, "percent_statements_covered": 0.0, "percent_statements_covered_display": "0"}, "missing_lines": [219, 220, 223, 224, 227, 228, 230, 232], "excluded_lines": [], "start_line": 191}, "FeaturesConcatDataset.get_metadata": {"executed_lines": [], "summary": {"covered_lines": 0, "num_statements": 9, "percent_covered": 0.0, "percent_covered_display": "0", "missing_lines": 9, "excluded_lines": 0, "percent_statements_covered": 0.0, "percent_statements_covered_display": "0"}, "missing_lines": [259, 260, 265, 266, 267, 268, 269, 270, 272], "excluded_lines": [], "start_line": 240}, "FeaturesConcatDataset.save": {"executed_lines": [], "summary": {"covered_lines": 0, "num_statements": 23, "percent_covered": 0.0, "percent_covered_display": "0", "missing_lines": 23, "excluded_lines": 1, "percent_statements_covered": 0.0, "percent_statements_covered_display": "0"}, "missing_lines": [311, 312, 313, 314, 315, 316, 317, 318, 319, 320, 321, 322, 324, 329, 330, 331, 332, 333, 334, 335, 336, 343, 344], "excluded_lines": [275], "start_line": 274}, "FeaturesConcatDataset._save_features": {"executed_lines": [], "summary": {"covered_lines": 0, "num_statements": 3, "percent_covered": 0.0, "percent_covered_display": "0", "missing_lines": 3, "excluded_lines": 0, "percent_statements_covered": 0.0, "percent_statements_covered_display": "0"}, "missing_lines": [352, 353, 354], "excluded_lines": [], "start_line": 350}, "FeaturesConcatDataset._save_metadata": {"executed_lines": [], "summary": {"covered_lines": 0, "num_statements": 3, "percent_covered": 0.0, "percent_covered_display": "0", "missing_lines": 3, "excluded_lines": 0, "percent_statements_covered": 0.0, "percent_statements_covered_display": "0"}, "missing_lines": [359, 360, 361], "excluded_lines": [], "start_line": 357}, "FeaturesConcatDataset._save_description": {"executed_lines": [], "summary": {"covered_lines": 0, "num_statements": 3, "percent_covered": 0.0, "percent_covered_display": "0", "missing_lines": 3, "excluded_lines": 0, "percent_statements_covered": 0.0, "percent_statements_covered_display": "0"}, "missing_lines": [366, 367, 368], "excluded_lines": [], "start_line": 364}, "FeaturesConcatDataset._save_raw_info": {"executed_lines": [], "summary": {"covered_lines": 0, "num_statements": 4, "percent_covered": 0.0, "percent_covered_display": "0", "missing_lines": 4, "excluded_lines": 0, "percent_statements_covered": 0.0, "percent_statements_covered_display": "0"}, "missing_lines": [373, 374, 375, 376], "excluded_lines": [], "start_line": 371}, "FeaturesConcatDataset._save_kwargs": {"executed_lines": [], "summary": {"covered_lines": 0, "num_statements": 8, "percent_covered": 0.0, "percent_covered_display": "0", "missing_lines": 8, "excluded_lines": 0, "percent_statements_covered": 0.0, "percent_statements_covered_display": "0"}, "missing_lines": [381, 387, 388, 389, 390, 391, 392, 393], "excluded_lines": [], "start_line": 379}, "FeaturesConcatDataset.to_dataframe": {"executed_lines": [], "summary": {"covered_lines": 0, "num_statements": 27, "percent_covered": 0.0, "percent_covered_display": "0", "missing_lines": 27, "excluded_lines": 0, "percent_statements_covered": 0.0, "percent_statements_covered_display": "0"}, "missing_lines": [419, 424, 425, 426, 427, 429, 430, 431, 432, 433, 434, 435, 436, 444, 445, 446, 447, 448, 449, 450, 454, 455, 456, 457, 458, 463, 464], "excluded_lines": [], "start_line": 395}, "FeaturesConcatDataset._numeric_columns": {"executed_lines": [], "summary": {"covered_lines": 0, "num_statements": 1, "percent_covered": 0.0, "percent_covered_display": "0", "missing_lines": 1, "excluded_lines": 0, "percent_statements_covered": 0.0, "percent_statements_covered_display": "0"}, "missing_lines": [468], "excluded_lines": [], "start_line": 466}, "FeaturesConcatDataset.count": {"executed_lines": [], "summary": {"covered_lines": 0, "num_statements": 4, "percent_covered": 0.0, "percent_covered_display": "0", "missing_lines": 4, "excluded_lines": 0, "percent_statements_covered": 0.0, "percent_statements_covered_display": "0"}, "missing_lines": [486, 490, 491, 492], "excluded_lines": [], "start_line": 470}, "FeaturesConcatDataset.mean": {"executed_lines": [], "summary": {"covered_lines": 0, "num_statements": 5, "percent_covered": 0.0, "percent_covered_display": "0", "missing_lines": 5, "excluded_lines": 0, "percent_statements_covered": 0.0, "percent_statements_covered_display": "0"}, "missing_lines": [510, 516, 517, 518, 519], "excluded_lines": [], "start_line": 494}, "FeaturesConcatDataset.var": {"executed_lines": [], "summary": {"covered_lines": 0, "num_statements": 4, "percent_covered": 0.0, "percent_covered_display": "0", "missing_lines": 4, "excluded_lines": 0, "percent_statements_covered": 0.0, "percent_statements_covered_display": "0"}, "missing_lines": [541, 552, 557, 558], "excluded_lines": [], "start_line": 521}, "FeaturesConcatDataset.std": {"executed_lines": [], "summary": {"covered_lines": 0, "num_statements": 1, "percent_covered": 0.0, "percent_covered_display": "0", "missing_lines": 1, "excluded_lines": 0, "percent_statements_covered": 0.0, "percent_statements_covered_display": "0"}, "missing_lines": [583], "excluded_lines": [], "start_line": 560}, "FeaturesConcatDataset.zscore": {"executed_lines": [], "summary": {"covered_lines": 0, "num_statements": 6, "percent_covered": 0.0, "percent_covered_display": "0", "missing_lines": 6, "excluded_lines": 0, "percent_statements_covered": 0.0, "percent_statements_covered_display": "0"}, "missing_lines": [604, 615, 620, 621, 622, 623], "excluded_lines": [], "start_line": 587}, "FeaturesConcatDataset._enforce_inplace_operations": {"executed_lines": [], "summary": {"covered_lines": 0, "num_statements": 3, "percent_covered": 0.0, "percent_covered_display": "0", "missing_lines": 3, "excluded_lines": 0, "percent_statements_covered": 0.0, "percent_statements_covered_display": "0"}, "missing_lines": [630, 631, 635], "excluded_lines": [], "start_line": 628}, "FeaturesConcatDataset.fillna": {"executed_lines": [], "summary": {"covered_lines": 0, "num_statements": 3, "percent_covered": 0.0, "percent_covered_display": "0", "missing_lines": 3, "excluded_lines": 0, "percent_statements_covered": 0.0, "percent_statements_covered_display": "0"}, "missing_lines": [639, 640, 641], "excluded_lines": [], "start_line": 637}, "FeaturesConcatDataset.replace": {"executed_lines": [], "summary": {"covered_lines": 0, "num_statements": 3, "percent_covered": 0.0, "percent_covered_display": "0", "missing_lines": 3, "excluded_lines": 0, "percent_statements_covered": 0.0, "percent_statements_covered_display": "0"}, "missing_lines": [645, 646, 647], "excluded_lines": [], "start_line": 643}, "FeaturesConcatDataset.interpolate": {"executed_lines": [], "summary": {"covered_lines": 0, "num_statements": 3, "percent_covered": 0.0, "percent_covered_display": "0", "missing_lines": 3, "excluded_lines": 0, "percent_statements_covered": 0.0, "percent_statements_covered_display": "0"}, "missing_lines": [651, 652, 653], "excluded_lines": [], "start_line": 649}, "FeaturesConcatDataset.dropna": {"executed_lines": [], "summary": {"covered_lines": 0, "num_statements": 3, "percent_covered": 0.0, "percent_covered_display": "0", "missing_lines": 3, "excluded_lines": 0, "percent_statements_covered": 0.0, "percent_statements_covered_display": "0"}, "missing_lines": [657, 658, 659], "excluded_lines": [], "start_line": 655}, "FeaturesConcatDataset.drop": {"executed_lines": [], "summary": {"covered_lines": 0, "num_statements": 3, "percent_covered": 0.0, "percent_covered_display": "0", "missing_lines": 3, "excluded_lines": 0, "percent_statements_covered": 0.0, "percent_statements_covered_display": "0"}, "missing_lines": [663, 664, 665], "excluded_lines": [], "start_line": 661}, "FeaturesConcatDataset.join": {"executed_lines": [], "summary": {"covered_lines": 0, "num_statements": 4, "percent_covered": 0.0, "percent_covered_display": "0", "missing_lines": 4, "excluded_lines": 0, "percent_statements_covered": 0.0, "percent_statements_covered_display": "0"}, "missing_lines": [679, 680, 681, 682], "excluded_lines": [], "start_line": 667}, "": {"executed_lines": [1, 3, 4, 5, 6, 7, 9, 10, 11, 13, 19, 21, 27, 59, 87, 111, 123, 142, 161, 179, 191, 240, 274, 349, 350, 356, 357, 363, 364, 370, 371, 378, 379, 395, 466, 470, 494, 521, 560, 587, 627, 628, 637, 643, 649, 655, 661, 667], "summary": {"covered_lines": 48, "num_statements": 48, "percent_covered": 100.0, "percent_covered_display": "100", "missing_lines": 0, "excluded_lines": 0, "percent_statements_covered": 100.0, "percent_statements_covered_display": "100"}, "missing_lines": [], "excluded_lines": [], "start_line": 1}}, "classes": {"FeaturesDataset": {"executed_lines": [], "summary": {"covered_lines": 0, "num_statements": 21, "percent_covered": 0.0, "percent_covered_display": "0", "missing_lines": 21, "excluded_lines": 0, "percent_statements_covered": 0.0, "percent_statements_covered_display": "0"}, "missing_lines": [71, 72, 73, 74, 75, 76, 77, 78, 79, 80, 82, 85, 102, 103, 104, 105, 106, 107, 108, 109, 120], "excluded_lines": [], "start_line": 27}, "FeaturesConcatDataset": {"executed_lines": [], "summary": {"covered_lines": 0, "num_statements": 135, "percent_covered": 0.0, "percent_covered_display": "0", "missing_lines": 135, "excluded_lines": 1, "percent_statements_covered": 0.0, "percent_statements_covered_display": "0"}, "missing_lines": [185, 186, 187, 189, 219, 220, 223, 224, 227, 228, 230, 232, 259, 260, 265, 266, 267, 268, 269, 270, 272, 311, 312, 313, 314, 315, 316, 317, 318, 319, 320, 321, 322, 324, 329, 330, 331, 332, 333, 334, 335, 336, 343, 344, 352, 353, 354, 359, 360, 361, 366, 367, 368, 373, 374, 375, 376, 381, 387, 388, 389, 390, 391, 392, 393, 419, 424, 425, 426, 427, 429, 430, 431, 432, 433, 434, 435, 436, 444, 445, 446, 447, 448, 449, 450, 454, 455, 456, 457, 458, 463, 464, 468, 486, 490, 491, 492, 510, 516, 517, 518, 519, 541, 552, 557, 558, 583, 604, 615, 620, 621, 622, 623, 630, 631, 635, 639, 640, 641, 645, 646, 647, 651, 652, 653, 657, 658, 659, 663, 664, 665, 679, 680, 681, 682], "excluded_lines": [275], "start_line": 161}, "": {"executed_lines": [1, 3, 4, 5, 6, 7, 9, 10, 11, 13, 19, 21, 27, 59, 87, 111, 123, 142, 161, 179, 191, 240, 274, 349, 350, 356, 357, 363, 364, 370, 371, 378, 379, 395, 466, 470, 494, 521, 560, 587, 627, 628, 637, 643, 649, 655, 661, 667], "summary": {"covered_lines": 48, "num_statements": 65, "percent_covered": 73.84615384615384, "percent_covered_display": "74", "missing_lines": 17, "excluded_lines": 0, "percent_statements_covered": 73.84615384615384, "percent_statements_covered_display": "74"}, "missing_lines": [132, 133, 134, 135, 136, 137, 138, 139, 150, 151, 152, 153, 154, 155, 156, 157, 158], "excluded_lines": [], "start_line": 1}}}, "eegdash/features/decorators.py": {"executed_lines": [1, 2, 4, 12, 21, 37, 38, 39, 40, 41, 42, 43, 45, 60, 61, 62, 65, 80, 81, 83, 97, 98, 99, 103, 104, 111, 131, 134, 135, 138, 139], "summary": {"covered_lines": 31, "num_statements": 32, "percent_covered": 96.875, "percent_covered_display": "97", "missing_lines": 1, "excluded_lines": 0, "percent_statements_covered": 96.875, "percent_statements_covered_display": "97"}, "missing_lines": [132], "excluded_lines": [], "functions": {"FeaturePredecessor.__init__": {"executed_lines": [38, 39, 40, 41, 42, 43], "summary": {"covered_lines": 6, "num_statements": 6, "percent_covered": 100.0, "percent_covered_display": "100", "missing_lines": 0, "excluded_lines": 0, "percent_statements_covered": 100.0, "percent_statements_covered_display": "100"}, "missing_lines": [], "excluded_lines": [], "start_line": 37}, "FeaturePredecessor.__call__": {"executed_lines": [60, 61, 62], "summary": {"covered_lines": 3, "num_statements": 3, "percent_covered": 100.0, "percent_covered_display": "100", "missing_lines": 0, "excluded_lines": 0, "percent_statements_covered": 100.0, "percent_statements_covered_display": "100"}, "missing_lines": [], "excluded_lines": [], "start_line": 45}, "FeatureKind.__init__": {"executed_lines": [81], "summary": {"covered_lines": 1, "num_statements": 1, "percent_covered": 100.0, "percent_covered_display": "100", "missing_lines": 0, "excluded_lines": 0, "percent_statements_covered": 100.0, "percent_statements_covered_display": "100"}, "missing_lines": [], "excluded_lines": [], "start_line": 80}, "FeatureKind.__call__": {"executed_lines": [97, 98, 99], "summary": {"covered_lines": 3, "num_statements": 3, "percent_covered": 100.0, "percent_covered_display": "100", "missing_lines": 0, "excluded_lines": 0, "percent_statements_covered": 100.0, "percent_statements_covered_display": "100"}, "missing_lines": [], "excluded_lines": [], "start_line": 83}, "bivariate_feature": {"executed_lines": [131, 134, 135], "summary": {"covered_lines": 3, "num_statements": 4, "percent_covered": 75.0, "percent_covered_display": "75", "missing_lines": 1, "excluded_lines": 0, "percent_statements_covered": 75.0, "percent_statements_covered_display": "75"}, "missing_lines": [132], "excluded_lines": [], "start_line": 111}, "": {"executed_lines": [1, 2, 4, 12, 21, 37, 45, 65, 80, 83, 103, 104, 111, 138, 139], "summary": {"covered_lines": 15, "num_statements": 15, "percent_covered": 100.0, "percent_covered_display": "100", "missing_lines": 0, "excluded_lines": 0, "percent_statements_covered": 100.0, "percent_statements_covered_display": "100"}, "missing_lines": [], "excluded_lines": [], "start_line": 1}}, "classes": {"FeaturePredecessor": {"executed_lines": [38, 39, 40, 41, 42, 43, 60, 61, 62], "summary": {"covered_lines": 9, "num_statements": 9, "percent_covered": 100.0, "percent_covered_display": "100", "missing_lines": 0, "excluded_lines": 0, "percent_statements_covered": 100.0, "percent_statements_covered_display": "100"}, "missing_lines": [], "excluded_lines": [], "start_line": 21}, "FeatureKind": {"executed_lines": [81, 97, 98, 99], "summary": {"covered_lines": 4, "num_statements": 4, "percent_covered": 100.0, "percent_covered_display": "100", "missing_lines": 0, "excluded_lines": 0, "percent_statements_covered": 100.0, "percent_statements_covered_display": "100"}, "missing_lines": [], "excluded_lines": [], "start_line": 65}, "": {"executed_lines": [1, 2, 4, 12, 21, 37, 45, 65, 80, 83, 103, 104, 111, 131, 134, 135, 138, 139], "summary": {"covered_lines": 18, "num_statements": 19, "percent_covered": 94.73684210526316, "percent_covered_display": "95", "missing_lines": 1, "excluded_lines": 0, "percent_statements_covered": 94.73684210526316, "percent_statements_covered_display": "95"}, "missing_lines": [132], "excluded_lines": [], "start_line": 1}}}, "eegdash/features/extractors.py": {"executed_lines": [1, 3, 4, 5, 6, 8, 9, 11, 21, 38, 39, 41, 42, 43, 46, 54, 59, 60, 64, 65, 78, 86, 94, 111, 134, 154, 164, 183, 228, 236, 245, 257, 268, 276, 304, 305, 318, 335, 338, 343, 354, 355, 356, 358, 359, 363, 371, 374, 375], "summary": {"covered_lines": 49, "num_statements": 162, "percent_covered": 30.246913580246915, "percent_covered_display": "30", "missing_lines": 113, "excluded_lines": 0, "percent_statements_covered": 30.246913580246915, "percent_statements_covered_display": "30"}, "missing_lines": [40, 55, 56, 57, 62, 76, 84, 88, 89, 116, 117, 118, 119, 122, 123, 125, 126, 127, 128, 129, 130, 131, 132, 136, 141, 142, 143, 144, 145, 146, 147, 148, 149, 152, 156, 157, 158, 159, 160, 161, 162, 178, 179, 181, 202, 203, 204, 205, 206, 207, 208, 209, 210, 211, 212, 214, 215, 216, 217, 218, 219, 220, 221, 222, 223, 225, 226, 232, 233, 234, 238, 239, 240, 241, 242, 243, 247, 248, 249, 250, 251, 252, 253, 254, 255, 259, 260, 261, 262, 263, 264, 265, 295, 296, 297, 298, 299, 300, 301, 302, 309, 310, 311, 312, 313, 314, 315, 316, 332, 340, 361, 365, 377], "excluded_lines": [], "functions": {"_get_underlying_func": {"executed_lines": [38, 39, 41, 42, 43], "summary": {"covered_lines": 5, "num_statements": 6, "percent_covered": 83.33333333333333, "percent_covered_display": "83", "missing_lines": 1, "excluded_lines": 0, "percent_statements_covered": 83.33333333333333, "percent_statements_covered_display": "83"}, "missing_lines": [40], "excluded_lines": [], "start_line": 21}, "TrainableFeature.__init__": {"executed_lines": [], "summary": {"covered_lines": 0, "num_statements": 3, "percent_covered": 0.0, "percent_covered_display": "0", "missing_lines": 3, "excluded_lines": 0, "percent_statements_covered": 0.0, "percent_statements_covered_display": "0"}, "missing_lines": [55, 56, 57], "excluded_lines": [], "start_line": 54}, "TrainableFeature.clear": {"executed_lines": [], "summary": {"covered_lines": 0, "num_statements": 1, "percent_covered": 0.0, "percent_covered_display": "0", "missing_lines": 1, "excluded_lines": 0, "percent_statements_covered": 0.0, "percent_statements_covered_display": "0"}, "missing_lines": [62], "excluded_lines": [], "start_line": 60}, "TrainableFeature.partial_fit": {"executed_lines": [], "summary": {"covered_lines": 0, "num_statements": 1, "percent_covered": 0.0, "percent_covered_display": "0", "missing_lines": 1, "excluded_lines": 0, "percent_statements_covered": 0.0, "percent_statements_covered_display": "0"}, "missing_lines": [76], "excluded_lines": [], "start_line": 65}, "TrainableFeature.fit": {"executed_lines": [], "summary": {"covered_lines": 0, "num_statements": 1, "percent_covered": 0.0, "percent_covered_display": "0", "missing_lines": 1, "excluded_lines": 0, "percent_statements_covered": 0.0, "percent_statements_covered_display": "0"}, "missing_lines": [84], "excluded_lines": [], "start_line": 78}, "TrainableFeature.__call__": {"executed_lines": [], "summary": {"covered_lines": 0, "num_statements": 2, "percent_covered": 0.0, "percent_covered_display": "0", "missing_lines": 2, "excluded_lines": 0, "percent_statements_covered": 0.0, "percent_statements_covered_display": "0"}, "missing_lines": [88, 89], "excluded_lines": [], "start_line": 86}, "FeatureExtractor.__init__": {"executed_lines": [], "summary": {"covered_lines": 0, "num_statements": 14, "percent_covered": 0.0, "percent_covered_display": "0", "missing_lines": 14, "excluded_lines": 0, "percent_statements_covered": 0.0, "percent_statements_covered_display": "0"}, "missing_lines": [116, 117, 118, 119, 122, 123, 125, 126, 127, 128, 129, 130, 131, 132], "excluded_lines": [], "start_line": 111}, "FeatureExtractor._validate_execution_tree": {"executed_lines": [], "summary": {"covered_lines": 0, "num_statements": 11, "percent_covered": 0.0, "percent_covered_display": "0", "missing_lines": 11, "excluded_lines": 0, "percent_statements_covered": 0.0, "percent_statements_covered_display": "0"}, "missing_lines": [136, 141, 142, 143, 144, 145, 146, 147, 148, 149, 152], "excluded_lines": [], "start_line": 134}, "FeatureExtractor._check_is_trainable": {"executed_lines": [], "summary": {"covered_lines": 0, "num_statements": 7, "percent_covered": 0.0, "percent_covered_display": "0", "missing_lines": 7, "excluded_lines": 0, "percent_statements_covered": 0.0, "percent_statements_covered_display": "0"}, "missing_lines": [156, 157, 158, 159, 160, 161, 162], "excluded_lines": [], "start_line": 154}, "FeatureExtractor.preprocess": {"executed_lines": [], "summary": {"covered_lines": 0, "num_statements": 3, "percent_covered": 0.0, "percent_covered_display": "0", "missing_lines": 3, "excluded_lines": 0, "percent_statements_covered": 0.0, "percent_statements_covered_display": "0"}, "missing_lines": [178, 179, 181], "excluded_lines": [], "start_line": 164}, "FeatureExtractor.__call__": {"executed_lines": [], "summary": {"covered_lines": 0, "num_statements": 23, "percent_covered": 0.0, "percent_covered_display": "0", "missing_lines": 23, "excluded_lines": 0, "percent_statements_covered": 0.0, "percent_statements_covered_display": "0"}, "missing_lines": [202, 203, 204, 205, 206, 207, 208, 209, 210, 211, 212, 214, 215, 216, 217, 218, 219, 220, 221, 222, 223, 225, 226], "excluded_lines": [], "start_line": 183}, "FeatureExtractor._add_feature_to_dict": {"executed_lines": [], "summary": {"covered_lines": 0, "num_statements": 3, "percent_covered": 0.0, "percent_covered_display": "0", "missing_lines": 3, "excluded_lines": 0, "percent_statements_covered": 0.0, "percent_statements_covered_display": "0"}, "missing_lines": [232, 233, 234], "excluded_lines": [], "start_line": 228}, "FeatureExtractor.clear": {"executed_lines": [], "summary": {"covered_lines": 0, "num_statements": 6, "percent_covered": 0.0, "percent_covered_display": "0", "missing_lines": 6, "excluded_lines": 0, "percent_statements_covered": 0.0, "percent_statements_covered_display": "0"}, "missing_lines": [238, 239, 240, 241, 242, 243], "excluded_lines": [], "start_line": 236}, "FeatureExtractor.partial_fit": {"executed_lines": [], "summary": {"covered_lines": 0, "num_statements": 9, "percent_covered": 0.0, "percent_covered_display": "0", "missing_lines": 9, "excluded_lines": 0, "percent_statements_covered": 0.0, "percent_statements_covered_display": "0"}, "missing_lines": [247, 248, 249, 250, 251, 252, 253, 254, 255], "excluded_lines": [], "start_line": 245}, "FeatureExtractor.fit": {"executed_lines": [], "summary": {"covered_lines": 0, "num_statements": 7, "percent_covered": 0.0, "percent_covered_display": "0", "missing_lines": 7, "excluded_lines": 0, "percent_statements_covered": 0.0, "percent_statements_covered_display": "0"}, "missing_lines": [259, 260, 261, 262, 263, 264, 265], "excluded_lines": [], "start_line": 257}, "MultivariateFeature.__call__": {"executed_lines": [], "summary": {"covered_lines": 0, "num_statements": 8, "percent_covered": 0.0, "percent_covered_display": "0", "missing_lines": 8, "excluded_lines": 0, "percent_statements_covered": 0.0, "percent_statements_covered_display": "0"}, "missing_lines": [295, 296, 297, 298, 299, 300, 301, 302], "excluded_lines": [], "start_line": 276}, "MultivariateFeature._array_to_dict": {"executed_lines": [], "summary": {"covered_lines": 0, "num_statements": 8, "percent_covered": 0.0, "percent_covered_display": "0", "missing_lines": 8, "excluded_lines": 0, "percent_statements_covered": 0.0, "percent_statements_covered_display": "0"}, "missing_lines": [309, 310, 311, 312, 313, 314, 315, 316], "excluded_lines": [], "start_line": 305}, "MultivariateFeature.feature_channel_names": {"executed_lines": [], "summary": {"covered_lines": 0, "num_statements": 1, "percent_covered": 0.0, "percent_covered_display": "0", "missing_lines": 1, "excluded_lines": 0, "percent_statements_covered": 0.0, "percent_statements_covered_display": "0"}, "missing_lines": [332], "excluded_lines": [], "start_line": 318}, "UnivariateFeature.feature_channel_names": {"executed_lines": [], "summary": {"covered_lines": 0, "num_statements": 1, "percent_covered": 0.0, "percent_covered_display": "0", "missing_lines": 1, "excluded_lines": 0, "percent_statements_covered": 0.0, "percent_statements_covered_display": "0"}, "missing_lines": [340], "excluded_lines": [], "start_line": 338}, "BivariateFeature.__init__": {"executed_lines": [355, 356], "summary": {"covered_lines": 2, "num_statements": 2, "percent_covered": 100.0, "percent_covered_display": "100", "missing_lines": 0, "excluded_lines": 0, "percent_statements_covered": 100.0, "percent_statements_covered_display": "100"}, "missing_lines": [], "excluded_lines": [], "start_line": 354}, "BivariateFeature.get_pair_iterators": {"executed_lines": [], "summary": {"covered_lines": 0, "num_statements": 1, "percent_covered": 0.0, "percent_covered_display": "0", "missing_lines": 1, "excluded_lines": 0, "percent_statements_covered": 0.0, "percent_statements_covered_display": "0"}, "missing_lines": [361], "excluded_lines": [], "start_line": 359}, "BivariateFeature.feature_channel_names": {"executed_lines": [], "summary": {"covered_lines": 0, "num_statements": 1, "percent_covered": 0.0, "percent_covered_display": "0", "missing_lines": 1, "excluded_lines": 0, "percent_statements_covered": 0.0, "percent_statements_covered_display": "0"}, "missing_lines": [365], "excluded_lines": [], "start_line": 363}, "DirectedBivariateFeature.get_pair_iterators": {"executed_lines": [], "summary": {"covered_lines": 0, "num_statements": 1, "percent_covered": 0.0, "percent_covered_display": "0", "missing_lines": 1, "excluded_lines": 0, "percent_statements_covered": 0.0, "percent_statements_covered_display": "0"}, "missing_lines": [377], "excluded_lines": [], "start_line": 375}, "": {"executed_lines": [1, 3, 4, 5, 6, 8, 9, 11, 21, 46, 54, 59, 60, 64, 65, 78, 86, 94, 111, 134, 154, 164, 183, 228, 236, 245, 257, 268, 276, 304, 305, 318, 335, 338, 343, 354, 358, 359, 363, 371, 374, 375], "summary": {"covered_lines": 42, "num_statements": 42, "percent_covered": 100.0, "percent_covered_display": "100", "missing_lines": 0, "excluded_lines": 0, "percent_statements_covered": 100.0, "percent_statements_covered_display": "100"}, "missing_lines": [], "excluded_lines": [], "start_line": 1}}, "classes": {"TrainableFeature": {"executed_lines": [], "summary": {"covered_lines": 0, "num_statements": 8, "percent_covered": 0.0, "percent_covered_display": "0", "missing_lines": 8, "excluded_lines": 0, "percent_statements_covered": 0.0, "percent_statements_covered_display": "0"}, "missing_lines": [55, 56, 57, 62, 76, 84, 88, 89], "excluded_lines": [], "start_line": 46}, "FeatureExtractor": {"executed_lines": [], "summary": {"covered_lines": 0, "num_statements": 83, "percent_covered": 0.0, "percent_covered_display": "0", "missing_lines": 83, "excluded_lines": 0, "percent_statements_covered": 0.0, "percent_statements_covered_display": "0"}, "missing_lines": [116, 117, 118, 119, 122, 123, 125, 126, 127, 128, 129, 130, 131, 132, 136, 141, 142, 143, 144, 145, 146, 147, 148, 149, 152, 156, 157, 158, 159, 160, 161, 162, 178, 179, 181, 202, 203, 204, 205, 206, 207, 208, 209, 210, 211, 212, 214, 215, 216, 217, 218, 219, 220, 221, 222, 223, 225, 226, 232, 233, 234, 238, 239, 240, 241, 242, 243, 247, 248, 249, 250, 251, 252, 253, 254, 255, 259, 260, 261, 262, 263, 264, 265], "excluded_lines": [], "start_line": 94}, "MultivariateFeature": {"executed_lines": [], "summary": {"covered_lines": 0, "num_statements": 17, "percent_covered": 0.0, "percent_covered_display": "0", "missing_lines": 17, "excluded_lines": 0, "percent_statements_covered": 0.0, "percent_statements_covered_display": "0"}, "missing_lines": [295, 296, 297, 298, 299, 300, 301, 302, 309, 310, 311, 312, 313, 314, 315, 316, 332], "excluded_lines": [], "start_line": 268}, "UnivariateFeature": {"execu
[...]
rt_line": 100}, "EEGDashAPIClient.count_documents": {"executed_lines": [], "summary": {"covered_lines": 0, "num_statements": 4, "percent_covered": 0.0, "percent_covered_display": "0", "missing_lines": 4, "excluded_lines": 0, "percent_statements_covered": 0.0, "percent_statements_covered_display": "0"}, "missing_lines": [109, 110, 113, 114], "excluded_lines": [], "start_line": 107}, "EEGDashAPIClient.insert_one": {"executed_lines": [], "summary": {"covered_lines": 0, "num_statements": 3, "percent_covered": 0.0, "percent_covered_display": "0", "missing_lines": 3, "excluded_lines": 0, "percent_statements_covered": 0.0, "percent_statements_covered_display": "0"}, "missing_lines": [118, 121, 122], "excluded_lines": [], "start_line": 116}, "EEGDashAPIClient.insert_many": {"executed_lines": [], "summary": {"covered_lines": 0, "num_statements": 3, "percent_covered": 0.0, "percent_covered_display": "0", "missing_lines": 3, "excluded_lines": 0, "percent_statements_covered": 0.0, "percent_statements_covered_display": "0"}, "missing_lines": [126, 131, 132], "excluded_lines": [], "start_line": 124}, "EEGDashAPIClient.update_many": {"executed_lines": [], "summary": {"covered_lines": 0, "num_statements": 4, "percent_covered": 0.0, "percent_covered_display": "0", "missing_lines": 4, "excluded_lines": 0, "percent_statements_covered": 0.0, "percent_statements_covered_display": "0"}, "missing_lines": [151, 156, 157, 158], "excluded_lines": [], "start_line": 134}, "get_client": {"executed_lines": [], "summary": {"covered_lines": 0, "num_statements": 1, "percent_covered": 0.0, "percent_covered_display": "0", "missing_lines": 1, "excluded_lines": 0, "percent_statements_covered": 0.0, "percent_statements_covered_display": "0"}, "missing_lines": [165], "excluded_lines": [], "start_line": 161}, "": {"executed_lines": [], "summary": {"covered_lines": 0, "num_statements": 19, "percent_covered": 0.0, "percent_covered_display": "0", "missing_lines": 19, "excluded_lines": 0, "percent_statements_covered": 0.0, "percent_statements_covered_display": "0"}, "missing_lines": [6, 7, 8, 10, 11, 12, 14, 16, 19, 35, 49, 61, 100, 107, 116, 124, 134, 161, 168], "excluded_lines": [], "start_line": 1}}, "classes": {"EEGDashAPIClient": {"executed_lines": [], "summary": {"covered_lines": 0, "num_statements": 43, "percent_covered": 0.0, "percent_covered_display": "0", "missing_lines": 43, "excluded_lines": 0, "percent_statements_covered": 0.0, "percent_statements_covered_display": "0"}, "missing_lines": [55, 58, 59, 69, 70, 71, 72, 73, 75, 77, 78, 79, 80, 81, 84, 85, 86, 87, 90, 91, 92, 93, 94, 95, 96, 97, 98, 104, 105, 109, 110, 113, 114, 118, 121, 122, 126, 131, 132, 151, 156, 157, 158], "excluded_lines": [], "start_line": 35}, "": {"executed_lines": [], "summary": {"covered_lines": 0, "num_statements": 29, "percent_covered": 0.0, "percent_covered_display": "0", "missing_lines": 29, "excluded_lines": 0, "percent_statements_covered": 0.0, "percent_statements_covered_display": "0"}, "missing_lines": [6, 7, 8, 10, 11, 12, 14, 16, 19, 21, 22, 23, 24, 25, 28, 29, 30, 32, 35, 49, 61, 100, 107, 116, 124, 134, 161, 165, 168], "excluded_lines": [], "start_line": 1}}}, "eegdash/local_bids.py": {"executed_lines": [7, 9, 10, 12, 13, 15, 17, 20, 33], "summary": {"covered_lines": 9, "num_statements": 65, "percent_covered": 13.846153846153847, "percent_covered_display": "14", "missing_lines": 56, "excluded_lines": 0, "percent_statements_covered": 13.846153846153847, "percent_statements_covered_display": "14"}, "missing_lines": [21, 22, 24, 25, 27, 29, 30, 60, 61, 63, 69, 70, 71, 72, 73, 74, 75, 76, 77, 78, 80, 82, 90, 91, 93, 97, 98, 104, 107, 109, 110, 112, 113, 114, 115, 117, 118, 120, 136, 137, 139, 143, 146, 149, 152, 155, 156, 157, 158, 159, 160, 161, 162, 163, 165, 167], "excluded_lines": [], "functions": {"_normalize_modalities": {"executed_lines": [], "summary": {"covered_lines": 0, "num_statements": 7, "percent_covered": 0.0, "percent_covered_display": "0", "missing_lines": 7, "excluded_lines": 0, "percent_statements_covered": 0.0, "percent_statements_covered_display": "0"}, "missing_lines": [21, 22, 24, 25, 27, 29, 30], "excluded_lines": [], "start_line": 20}, "discover_local_bids_records": {"executed_lines": [], "summary": {"covered_lines": 0, "num_statements": 49, "percent_covered": 0.0, "percent_covered_display": "0", "missing_lines": 49, "excluded_lines": 0, "percent_statements_covered": 0.0, "percent_statements_covered_display": "0"}, "missing_lines": [60, 61, 63, 69, 70, 71, 72, 73, 74, 75, 76, 77, 78, 80, 82, 90, 91, 93, 97, 98, 104, 107, 109, 110, 112, 113, 114, 115, 117, 118, 120, 136, 137, 139, 143, 146, 149, 152, 155, 156, 157, 158, 159, 160, 161, 162, 163, 165, 167], "excluded_lines": [], "start_line": 33}, "": {"executed_lines": [7, 9, 10, 12, 13, 15, 17, 20, 33], "summary": {"covered_lines": 9, "num_statements": 9, "percent_covered": 100.0, "percent_covered_display": "100", "missing_lines": 0, "excluded_lines": 0, "percent_statements_covered": 100.0, "percent_statements_covered_display": "100"}, "missing_lines": [], "excluded_lines": [], "start_line": 1}}, "classes": {"": {"executed_lines": [7, 9, 10, 12, 13, 15, 17, 20, 33], "summary": {"covered_lines": 9, "num_statements": 65, "percent_covered": 13.846153846153847, "percent_covered_display": "14", "missing_lines": 56, "excluded_lines": 0, "percent_statements_covered": 13.846153846153847, "percent_statements_covered_display": "14"}, "missing_lines": [21, 22, 24, 25, 27, 29, 30, 60, 61, 63, 69, 70, 71, 72, 73, 74, 75, 76, 77, 78, 80, 82, 90, 91, 93, 97, 98, 104, 107, 109, 110, 112, 113, 114, 115, 117, 118, 120, 136, 137, 139, 143, 146, 149, 152, 155, 156, 157, 158, 159, 160, 161, 162, 163, 165, 167], "excluded_lines": [], "start_line": 1}}}, "eegdash/logging.py": {"executed_lines": [11, 13, 16, 20, 23, 27, 31, 33, 35], "summary": {"covered_lines": 9, "num_statements": 9, "percent_covered": 100.0, "percent_covered_display": "100", "missing_lines": 0, "excluded_lines": 0, "percent_statements_covered": 100.0, "percent_statements_covered_display": "100"}, "missing_lines": [], "excluded_lines": [], "functions": {"": {"executed_lines": [11, 13, 16, 20, 23, 27, 31, 33, 35], "summary": {"covered_lines": 9, "num_statements": 9, "percent_covered": 100.0, "percent_covered_display": "100", "missing_lines": 0, "excluded_lines": 0, "percent_statements_covered": 100.0, "percent_statements_covered_display": "100"}, "missing_lines": [], "excluded_lines": [], "start_line": 1}}, "classes": {"": {"executed_lines": [11, 13, 16, 20, 23, 27, 31, 33, 35], "summary": {"covered_lines": 9, "num_statements": 9, "percent_covered": 100.0, "percent_covered_display": "100", "missing_lines": 0, "excluded_lines": 0, "percent_statements_covered": 100.0, "percent_statements_covered_display": "100"}, "missing_lines": [], "excluded_lines": [], "start_line": 1}}}, "eegdash/paths.py": {"executed_lines": [12, 14, 15, 17, 20, 60], "summary": {"covered_lines": 6, "num_statements": 19, "percent_covered": 31.57894736842105, "percent_covered_display": "32", "missing_lines": 13, "excluded_lines": 0, "percent_statements_covered": 31.57894736842105, "percent_statements_covered_display": "32"}, "missing_lines": [39, 40, 41, 44, 45, 46, 47, 48, 49, 52, 53, 54, 57], "excluded_lines": [], "functions": {"get_default_cache_dir": {"executed_lines": [], "summary": {"covered_lines": 0, "num_statements": 13, "percent_covered": 0.0, "percent_covered_display": "0", "missing_lines": 13, "excluded_lines": 0, "percent_statements_covered": 0.0, "percent_statements_covered_display": "0"}, "missing_lines": [39, 40, 41, 44, 45, 46, 47, 48, 49, 52, 53, 54, 57], "excluded_lines": [], "start_line": 20}, "": {"executed_lines": [12, 14, 15, 17, 20, 60], "summary": {"covered_lines": 6, "num_statements": 6, "percent_covered": 100.0, "percent_covered_display": "100", "missing_lines": 0, "excluded_lines": 0, "percent_statements_covered": 100.0, "percent_statements_covered_display": "100"}, "missing_lines": [], "excluded_lines": [], "start_line": 1}}, "classes": {"": {"executed_lines": [12, 14, 15, 17, 20, 60], "summary": {"covered_lines": 6, "num_statements": 19, "percent_covered": 31.57894736842105, "percent_covered_display": "32", "missing_lines": 13, "excluded_lines": 0, "percent_statements_covered": 31.57894736842105, "percent_statements_covered_display": "32"}, "missing_lines": [39, 40, 41, 44, 45, 46, 47, 48, 49, 52, 53, 54, 57], "excluded_lines": [], "start_line": 1}}}, "eegdash/schemas.py": {"executed_lines": [16, 18, 20, 23, 24, 26, 27, 28, 29, 32, 33, 35, 36, 37, 38, 41, 42, 44, 45, 46, 47, 49, 50, 51, 52, 55, 56, 58, 59, 60, 61, 62, 63, 64, 67, 68, 70, 71, 73, 77, 78, 80, 81, 88, 89, 90, 93, 96, 97, 98, 106, 109, 110, 111, 112, 113, 114, 115, 116, 119, 122, 123, 128, 131, 134, 137, 140, 143, 144, 145, 146, 149, 152, 153, 154, 157, 161, 162, 163, 164, 167, 168, 171, 176, 177, 178, 179, 180, 181, 184, 185, 186, 187, 188, 191, 192, 195, 196, 199, 202, 203, 206, 207, 210, 211, 214, 217, 462, 465, 466, 467, 468, 471, 474, 475, 476, 477, 480, 486, 487, 488, 489, 490, 491, 492, 493, 494, 495, 496, 497, 498, 499, 500, 501, 504, 518, 629, 631, 633, 635, 637, 640, 641, 643, 646, 649], "summary": {"covered_lines": 146, "num_statements": 195, "percent_covered": 74.87179487179488, "percent_covered_display": "75", "missing_lines": 49, "excluded_lines": 0, "percent_statements_covered": 74.87179487179488, "percent_statements_covered_display": "75"}, "missing_lines": [74, 364, 365, 367, 368, 370, 371, 374, 385, 419, 420, 426, 431, 438, 439, 447, 448, 454, 506, 507, 508, 509, 510, 511, 512, 513, 514, 515, 583, 584, 585, 586, 587, 588, 590, 591, 593, 600, 601, 603, 634, 636, 638, 642, 644, 651, 653, 654, 656], "excluded_lines": [], "functions": {"ManifestFileModel.path_or_name": {"executed_lines": [], "summary": {"covered_lines": 0, "num_statements": 1, "percent_covered": 0.0, "percent_covered_display": "0", "missing_lines": 1, "excluded_lines": 0, "percent_statements_covered": 0.0, "percent_statements_covered_display": "0"}, "missing_lines": [74], "excluded_lines": [], "start_line": 73}, "create_dataset": {"executed_lines": [], "summary": {"covered_lines": 0, "num_statements": 17, "percent_covered": 0.0, "percent_covered_display": "0", "missing_lines": 17, "excluded_lines": 0, "percent_statements_covered": 0.0, "percent_statements_covered_display": "0"}, "missing_lines": [364, 365, 367, 368, 370, 371, 374, 385, 419, 420, 426, 431, 438, 439, 447, 448, 454], "excluded_lines": [], "start_line": 217}, "_sanitize_run_for_mne": {"executed_lines": [], "summary": {"covered_lines": 0, "num_statements": 10, "percent_covered": 0.0, "percent_covered_display": "0", "missing_lines": 10, "excluded_lines": 0, "percent_statements_covered": 0.0, "percent_statements_covered_display": "0"}, "missing_lines": [506, 507, 508, 509, 510, 511, 512, 513, 514, 515], "excluded_lines": [], "start_line": 504}, "create_record": {"executed_lines": [], "summary": {"covered_lines": 0, "num_statements": 12, "percent_covered": 0.0, "percent_covered_display": "0", "missing_lines": 12, "excluded_lines": 0, "percent_statements_covered": 0.0, "percent_statements_covered_display": "0"}, "missing_lines": [583, 584, 585, 586, 587, 588, 590, 591, 593, 600, 601, 603], "excluded_lines": [], "start_line": 518}, "validate_record": {"executed_lines": [631, 633, 635, 637, 640, 641, 643, 646], "summary": {"covered_lines": 8, "num_statements": 13, "percent_covered": 61.53846153846154, "percent_covered_display": "62", "missing_lines": 5, "excluded_lines": 0, "percent_statements_covered": 61.53846153846154, "percent_statements_covered_display": "62"}, "missing_lines": [634, 636, 638, 642, 644], "excluded_lines": [], "start_line": 629}, "validate_dataset": {"executed_lines": [], "summary": {"covered_lines": 0, "num_statements": 4, "percent_covered": 0.0, "percent_covered_display": "0", "missing_lines": 4, "excluded_lines": 0, "percent_statements_covered": 0.0, "percent_statements_covered_display": "0"}, "missing_lines": [651, 653, 654, 656], "excluded_lines": [], "start_line": 649}, "": {"executed_lines": [16, 18, 20, 23, 24, 26, 27, 28, 29, 32, 33, 35, 36, 37, 38, 41, 42, 44, 45, 46, 47, 49, 50, 51, 52, 55, 56, 58, 59, 60, 61, 62, 63, 64, 67, 68, 70, 71, 73, 77, 78, 80, 81, 88, 89, 90, 93, 96, 97, 98, 106, 109, 110, 111, 112, 113, 114, 115, 116, 119, 122, 123, 128, 131, 134, 137, 140, 143, 144, 145, 146, 149, 152, 153, 154, 157, 161, 162, 163, 164, 167, 168, 171, 176, 177, 178, 179, 180, 181, 184, 185, 186, 187, 188, 191, 192, 195, 196, 199, 202, 203, 206, 207, 210, 211, 214, 217, 462, 465, 466, 467, 468, 471, 474, 475, 476, 477, 480, 486, 487, 488, 489, 490, 491, 492, 493, 494, 495, 496, 497, 498, 499, 500, 501, 504, 518, 629, 649], "summary": {"covered_lines": 138, "num_statements": 138, "percent_covered": 100.0, "percent_covered_display": "100", "missing_lines": 0, "excluded_lines": 0, "percent_statements_covered": 100.0, "percent_statements_covered_display": "100"}, "missing_lines": [], "excluded_lines": [], "start_line": 1}}, "classes": {"StorageModel": {"executed_lines": [], "summary": {"covered_lines": 0, "num_statements": 0, "percent_covered": 100.0, "percent_covered_display": "100", "missing_lines": 0, "excluded_lines": 0, "percent_statements_covered": 100.0, "percent_statements_covered_display": "100"}, "missing_lines": [], "excluded_lines": [], "start_line": 23}, "EntitiesModel": {"executed_lines": [], "summary": {"covered_lines": 0, "num_statements": 0, "percent_covered": 100.0, "percent_covered_display": "100", "missing_lines": 0, "excluded_lines": 0, "percent_statements_covered": 100.0, "percent_statements_covered_display": "100"}, "missing_lines": [], "excluded_lines": [], "start_line": 32}, "RecordModel": {"executed_lines": [], "summary": {"covered_lines": 0, "num_statements": 0, "percent_covered": 100.0, "percent_covered_display": "100", "missing_lines": 0, "excluded_lines": 0, "percent_statements_covered": 100.0, "percent_statements_covered_display": "100"}, "missing_lines": [], "excluded_lines": [], "start_line": 41}, "DatasetModel": {"executed_lines": [], "summary": {"covered_lines": 0, "num_statements": 0, "percent_covered": 100.0, "percent_covered_display": "100", "missing_lines": 0, "excluded_lines": 0, "percent_statements_covered": 100.0, "percent_statements_covered_display": "100"}, "missing_lines": [], "excluded_lines": [], "start_line": 55}, "ManifestFileModel": {"executed_lines": [], "summary": {"covered_lines": 0, "num_statements": 1, "percent_covered": 0.0, "percent_covered_display": "0", "missing_lines": 1, "excluded_lines": 0, "percent_statements_covered": 0.0, "percent_statements_covered_display": "0"}, "missing_lines": [74], "excluded_lines": [], "start_line": 67}, "ManifestModel": {"executed_lines": [], "summary": {"covered_lines": 0, "num_statements": 0, "percent_covered": 100.0, "percent_covered_display": "100", "missing_lines": 0, "excluded_lines": 0, "percent_statements_covered": 100.0, "percent_statements_covered_display": "100"}, "missing_lines": [], "excluded_lines": [], "start_line": 77}, "Timestamps": {"executed_lines": [], "summary": {"covered_lines": 0, "num_statements": 0, "percent_covered": 100.0, "percent_covered_display": "100", "missing_lines": 0, "excluded_lines": 0, "percent_statements_covered": 100.0, "percent_statements_covered_display": "100"}, "missing_lines": [], "excluded_lines": [], "start_line": 93}, "Demographics": {"executed_lines": [], "summary": {"covered_lines": 0, "num_statements": 0, "percent_covered": 100.0, "percent_covered_display": "100", "missing_lines": 0, "excluded_lines": 0, "percent_statements_covered": 100.0, "percent_statements_covered_display": "100"}, "missing_lines": [], "excluded_lines": [], "start_line": 106}, "Clinical": {"executed_lines": [], "summary": {"covered_lines": 0, "num_statements": 0, "percent_covered": 100.0, "percent_covered_display": "100", "missing_lines": 0, "excluded_lines": 0, "percent_statements_covered": 100.0, "percent_statements_covered_display": "100"}, "missing_lines": [], "excluded_lines": [], "start_line": 119}, "Paradigm": {"executed_lines": [], "summary": {"covered_lines": 0, "num_statements": 0, "percent_covered": 100.0, "percent_covered_display": "100", "missing_lines": 0, "excluded_lines": 0, "percent_statements_covered": 100.0, "percent_statements_covered_display": "100"}, "missing_lines": [], "excluded_lines": [], "start_line": 128}, "ExternalLinks": {"executed_lines": [], "summary": {"covered_lines": 0, "num_statements": 0, "percent_covered": 100.0, "percent_covered_display": "100", "missing_lines": 0, "excluded_lines": 0, "percent_statements_covered": 100.0, "percent_statements_covered_display": "100"}, "missing_lines": [], "excluded_lines": [], "start_line": 140}, "RepositoryStats": {"executed_lines": [], "summary": {"covered_lines": 0, "num_statements": 0, "percent_covered": 100.0, "percent_covered_display": "100", "missing_lines": 0, "excluded_lines": 0, "percent_statements_covered": 100.0, "percent_statements_covered_display": "100"}, "missing_lines": [], "excluded_lines": [], "start_line": 149}, "Dataset": {"executed_lines": [], "summary": {"covered_lines": 0, "num_statements": 0, "percent_covered": 100.0, "percent_covered_display": "100", "missing_lines": 0, "excluded_lines": 0, "percent_statements_covered": 100.0, "percent_statements_covered_display": "100"}, "missing_lines": [], "excluded_lines": [], "start_line": 157}, "Storage": {"executed_lines": [], "summary": {"covered_lines": 0, "num_statements": 0, "percent_covered": 100.0, "percent_covered_display": "100", "missing_lines": 0, "excluded_lines": 0, "percent_statements_covered": 100.0, "percent_statements_covered_display": "100"}, "missing_lines": [], "excluded_lines": [], "start_line": 462}, "Entities": {"executed_lines": [], "summary": {"covered_lines": 0, "num_statements": 0, "percent_covered": 100.0, "percent_covered_display": "100", "missing_lines": 0, "excluded_lines": 0, "percent_statements_covered": 100.0, "percent_statements_covered_display": "100"}, "missing_lines": [], "excluded_lines": [], "start_line": 471}, "Record": {"executed_lines": [], "summary": {"covered_lines": 0, "num_statements": 0, "percent_covered": 100.0, "percent_covered_display": "100", "missing_lines": 0, "excluded_lines": 0, "percent_statements_covered": 100.0, "percent_statements_covered_display": "100"}, "missing_lines": [], "excluded_lines": [], "start_line": 480}, "": {"executed_lines": [16, 18, 20, 23, 24, 26, 27, 28, 29, 32, 33, 35, 36, 37, 38, 41, 42, 44, 45, 46, 47, 49, 50, 51, 52, 55, 56, 58, 59, 60, 61, 62, 63, 64, 67, 68, 70, 71, 73, 77, 78, 80, 81, 88, 89, 90, 93, 96, 97, 98, 106, 109, 110, 111, 112, 113, 114, 115, 116, 119, 122, 123, 128, 131, 134, 137, 140, 143, 144, 145, 146, 149, 152, 153, 154, 157, 161, 162, 163, 164, 167, 168, 171, 176, 177, 178, 179, 180, 181, 184, 185, 186, 187, 188, 191, 192, 195, 196, 199, 202, 203, 206, 207, 210, 211, 214, 217, 462, 465, 466, 467, 468, 471, 474, 475, 476, 477, 480, 486, 487, 488, 489, 490, 491, 492, 493, 494, 495, 496, 497, 498, 499, 500, 501, 504, 518, 629, 631, 633, 635, 637, 640, 641, 643, 646, 649], "summary": {"covered_lines": 146, "num_statements": 194, "percent_covered": 75.25773195876289, "percent_covered_display": "75", "missing_lines": 48, "excluded_lines": 0, "percent_statements_covered": 75.25773195876289, "percent_statements_covered_display": "75"}, "missing_lines": [364, 365, 367, 368, 370, 371, 374, 385, 419, 420, 426, 431, 438, 439, 447, 448, 454, 506, 507, 508, 509, 510, 511, 512, 513, 514, 515, 583, 584, 585, 586, 587, 588, 590, 591, 593, 600, 601, 603, 634, 636, 638, 642, 644, 651, 653, 654, 656], "excluded_lines": [], "start_line": 1}}}}, "totals": {"covered_lines": 840, "num_statements": 2514, "percent_covered": 33.41288782816229, "percent_covered_display": "33", "missing_lines": 1674, "excluded_lines": 1, "percent_statements_covered": 33.41288782816229, "percent_statements_covered_display": "33"}}